# JRE version: OpenJDK Runtime Environment (8.0_242-b01) (build 1.8.0_242-release-1644-b01)
# Java VM: OpenJDK 64-Bit Server VM (25.242-b01 mixed mode windows-amd64 compressed oops)
Heap:
 PSYoungGen      total 349696K, used 14987K [0x00000000e0000000, 0x0000000100000000, 0x0000000100000000)
  eden space 175104K, 0% used [0x00000000e0000000,0x00000000e0000000,0x00000000eab00000)
  from space 174592K, 8% used [0x00000000eab00000,0x00000000eb9a2c88,0x00000000f5580000)
  to   space 174592K, 0% used [0x00000000f5580000,0x00000000f5580000,0x0000000100000000)
 ParOldGen       total 654848K, used 654726K [0x00000000a0000000, 0x00000000c7f80000, 0x00000000e0000000)
  object space 654848K, 99% used [0x00000000a0000000,0x00000000c7f61978,0x00000000c7f80000)
 Metaspace       used 121185K, capacity 128910K, committed 129280K, reserved 1163264K
  class space    used 14865K, capacity 16214K, committed 16384K, reserved 1048576K
GC Heap History (10 events):
Event: 20196.399 GC heap after
Heap after GC invocations=147 (full 10):
 PSYoungGen      total 354304K, used 169955K [0x00000000e0000000, 0x0000000100000000, 0x0000000100000000)
  eden space 184320K, 0% used [0x00000000e0000000,0x00000000e0000000,0x00000000eb400000)
  from space 169984K, 99% used [0x00000000eb400000,0x00000000f59f8cf8,0x00000000f5a00000)
  to   space 169984K, 0% used [0x00000000f5a00000,0x00000000f5a00000,0x0000000100000000)
 ParOldGen       total 654848K, used 485002K [0x00000000a0000000, 0x00000000c7f80000, 0x00000000e0000000)
  object space 654848K, 74% used [0x00000000a0000000,0x00000000bd9a2ab8,0x00000000c7f80000)
 Metaspace       used 121081K, capacity 128738K, committed 129024K, reserved 1161216K
  class space    used 14856K, capacity 16196K, committed 16384K, reserved 1048576K
}
Event: 20232.606 GC heap before
{Heap before GC invocations=148 (full 10):
 PSYoungGen      total 354304K, used 354275K [0x00000000e0000000, 0x0000000100000000, 0x0000000100000000)
  eden space 184320K, 100% used [0x00000000e0000000,0x00000000eb400000,0x00000000eb400000)
  from space 169984K, 99% used [0x00000000eb400000,0x00000000f59f8cf8,0x00000000f5a00000)
  to   space 169984K, 0% used [0x00000000f5a00000,0x00000000f5a00000,0x0000000100000000)
 ParOldGen       total 654848K, used 485002K [0x00000000a0000000, 0x00000000c7f80000, 0x00000000e0000000)
  object space 654848K, 74% used [0x00000000a0000000,0x00000000bd9a2ab8,0x00000000c7f80000)
 Metaspace       used 121135K, capacity 128846K, committed 129024K, reserved 1161216K
  class space    used 14865K, capacity 16214K, committed 16384K, reserved 1048576K
Event: 20232.905 GC heap after
Heap after GC invocations=148 (full 10):
 PSYoungGen      total 345088K, used 161336K [0x00000000e0000000, 0x0000000100000000, 0x0000000100000000)
  eden space 175104K, 0% used [0x00000000e0000000,0x00000000e0000000,0x00000000eab00000)
  from space 169984K, 94% used [0x00000000f5a00000,0x00000000ff78e0c8,0x0000000100000000)
  to   space 174592K, 0% used [0x00000000eab00000,0x00000000eab00000,0x00000000f5580000)
 ParOldGen       total 654848K, used 498606K [0x00000000a0000000, 0x00000000c7f80000, 0x00000000e0000000)
  object space 654848K, 76% used [0x00000000a0000000,0x00000000be6eb9f0,0x00000000c7f80000)
 Metaspace       used 121135K, capacity 128846K, committed 129024K, reserved 1161216K
  class space    used 14865K, capacity 16214K, committed 16384K, reserved 1048576K
}
Event: 20234.557 GC heap before
{Heap before GC invocations=149 (full 10):
 PSYoungGen      total 345088K, used 336440K [0x00000000e0000000, 0x0000000100000000, 0x0000000100000000)
  eden space 175104K, 100% used [0x00000000e0000000,0x00000000eab00000,0x00000000eab00000)
  from space 169984K, 94% used [0x00000000f5a00000,0x00000000ff78e0c8,0x0000000100000000)
  to   space 174592K, 0% used [0x00000000eab00000,0x00000000eab00000,0x00000000f5580000)
 ParOldGen       total 654848K, used 498606K [0x00000000a0000000, 0x00000000c7f80000, 0x00000000e0000000)
  object space 654848K, 76% used [0x00000000a0000000,0x00000000be6eb9f0,0x00000000c7f80000)
 Metaspace       used 121144K, capacity 128846K, committed 129024K, reserved 1161216K
  class space    used 14865K, capacity 16214K, committed 16384K, reserved 1048576K
Event: 20234.868 GC heap after
Heap after GC invocations=149 (full 10):
 PSYoungGen      total 349696K, used 158911K [0x00000000e0000000, 0x0000000100000000, 0x0000000100000000)
  eden space 175104K, 0% used [0x00000000e0000000,0x00000000e0000000,0x00000000eab00000)
  from space 174592K, 91% used [0x00000000eab00000,0x00000000f462fea0,0x00000000f5580000)
  to   space 174592K, 0% used [0x00000000f5580000,0x00000000f5580000,0x0000000100000000)
 ParOldGen       total 654848K, used 533958K [0x00000000a0000000, 0x00000000c7f80000, 0x00000000e0000000)
  object space 654848K, 81% used [0x00000000a0000000,0x00000000c0971888,0x00000000c7f80000)
 Metaspace       used 121144K, capacity 128846K, committed 129024K, reserved 1161216K
  class space    used 14865K, capacity 16214K, committed 16384K, reserved 1048576K
}
Event: 20236.895 GC heap before
{Heap before GC invocations=150 (full 10):
 PSYoungGen      total 349696K, used 334015K [0x00000000e0000000, 0x0000000100000000, 0x0000000100000000)
  eden space 175104K, 100% used [0x00000000e0000000,0x00000000eab00000,0x00000000eab00000)
  from space 174592K, 91% used [0x00000000eab00000,0x00000000f462fea0,0x00000000f5580000)
  to   space 174592K, 0% used [0x00000000f5580000,0x00000000f5580000,0x0000000100000000)
 ParOldGen       total 654848K, used 533958K [0x00000000a0000000, 0x00000000c7f80000, 0x00000000e0000000)
  object space 654848K, 81% used [0x00000000a0000000,0x00000000c0971888,0x00000000c7f80000)
 Metaspace       used 121172K, capacity 128910K, committed 129280K, reserved 1163264K
  class space    used 14865K, capacity 16214K, committed 16384K, reserved 1048576K
Event: 20237.250 GC heap after
Heap after GC invocations=150 (full 10):
 PSYoungGen      total 349696K, used 119763K [0x00000000e0000000, 0x0000000100000000, 0x0000000100000000)
  eden space 175104K, 0% used [0x00000000e0000000,0x00000000e0000000,0x00000000eab00000)
  from space 174592K, 68% used [0x00000000f5580000,0x00000000fca74ff0,0x0000000100000000)
  to   space 174592K, 0% used [0x00000000eab00000,0x00000000eab00000,0x00000000f5580000)
 ParOldGen       total 654848K, used 586466K [0x00000000a0000000, 0x00000000c7f80000, 0x00000000e0000000)
  object space 654848K, 89% used [0x00000000a0000000,0x00000000c3cb89b8,0x00000000c7f80000)
 Metaspace       used 121172K, capacity 128910K, committed 129280K, reserved 1163264K
  class space    used 14865K, capacity 16214K, committed 16384K, reserved 1048576K
}
Event: 20239.751 GC heap before
{Heap before GC invocations=151 (full 10):
 PSYoungGen      total 349696K, used 294867K [0x00000000e0000000, 0x0000000100000000, 0x0000000100000000)
  eden space 175104K, 100% used [0x00000000e0000000,0x00000000eab00000,0x00000000eab00000)
  from space 174592K, 68% used [0x00000000f5580000,0x00000000fca74ff0,0x0000000100000000)
  to   space 174592K, 0% used [0x00000000eab00000,0x00000000eab00000,0x00000000f5580000)
 ParOldGen       total 654848K, used 586466K [0x00000000a0000000, 0x00000000c7f80000, 0x00000000e0000000)
  object space 654848K, 89% used [0x00000000a0000000,0x00000000c3cb89b8,0x00000000c7f80000)
 Metaspace       used 121185K, capacity 128910K, committed 129280K, reserved 1163264K
  class space    used 14865K, capacity 16214K, committed 16384K, reserved 1048576K
Event: 20239.946 GC heap after
Heap after GC invocations=151 (full 10):
 PSYoungGen      total 349696K, used 14987K [0x00000000e0000000, 0x0000000100000000, 0x0000000100000000)
  eden space 175104K, 0% used [0x00000000e0000000,0x00000000e0000000,0x00000000eab00000)
  from space 174592K, 8% used [0x00000000eab00000,0x00000000eb9a2c88,0x00000000f5580000)
  to   space 174592K, 0% used [0x00000000f5580000,0x00000000f5580000,0x0000000100000000)
 ParOldGen       total 654848K, used 654726K [0x00000000a0000000, 0x00000000c7f80000, 0x00000000e0000000)
  object space 654848K, 99% used [0x00000000a0000000,0x00000000c7f61978,0x00000000c7f80000)
 Metaspace       used 121185K, capacity 128910K, committed 129280K, reserved 1163264K
  class space    used 14865K, capacity 16214K, committed 16384K, reserved 1048576K
}
Event: 20239.947 GC heap before
{Heap before GC invocations=152 (full 11):
 PSYoungGen      total 349696K, used 14987K [0x00000000e0000000, 0x0000000100000000, 0x0000000100000000)
  eden space 175104K, 0% used [0x00000000e0000000,0x00000000e0000000,0x00000000eab00000)
  from space 174592K, 8% used [0x00000000eab00000,0x00000000eb9a2c88,0x00000000f5580000)
  to   space 174592K, 0% used [0x00000000f5580000,0x00000000f5580000,0x0000000100000000)
 ParOldGen       total 654848K, used 654726K [0x00000000a0000000, 0x00000000c7f80000, 0x00000000e0000000)
  object space 654848K, 99% used [0x00000000a0000000,0x00000000c7f61978,0x00000000c7f80000)
 Metaspace       used 121185K, capacity 128910K, committed 129280K, reserved 1163264K
  class space    used 14865K, capacity 16214K, committed 16384K, reserved 1048576K

