# JRE version: OpenJDK Runtime Environment (8.0_242-b01) (build 1.8.0_242-release-1644-b01)
# Java VM: OpenJDK 64-Bit Server VM (25.242-b01 mixed mode windows-amd64 compressed oops)
Heap:
 PSYoungGen      total 382976K, used 338716K [0x00000000e0000000, 0x0000000100000000, 0x0000000100000000)
  eden space 252928K, 95% used [0x00000000e0000000,0x00000000eebe5580,0x00000000ef700000)
  from space 130048K, 74% used [0x00000000ef700000,0x00000000f55e1e28,0x00000000f7600000)
  to   space 138752K, 0% used [0x00000000f7880000,0x00000000f7880000,0x0000000100000000)
 ParOldGen       total 622592K, used 372398K [0x00000000a0000000, 0x00000000c6000000, 0x00000000e0000000)
  object space 622592K, 59% used [0x00000000a0000000,0x00000000b6babae0,0x00000000c6000000)
 Metaspace       used 110710K, capacity 115759K, committed 116096K, reserved 1150976K
  class space    used 14012K, capacity 15075K, committed 15232K, reserved 1048576K
GC Heap History (10 events):
Event: 4945.641 GC heap before
{Heap before GC invocations=35 (full 5):
 PSYoungGen      total 429056K, used 429030K [0x00000000e0000000, 0x0000000100000000, 0x0000000100000000)
  eden space 336896K, 100% used [0x00000000e0000000,0x00000000f4900000,0x00000000f4900000)
  from space 92160K, 99% used [0x00000000f4900000,0x00000000fa2f9800,0x00000000fa300000)
  to   space 95232K, 0% used [0x00000000fa300000,0x00000000fa300000,0x0000000100000000)
 ParOldGen       total 381440K, used 275764K [0x00000000a0000000, 0x00000000b7480000, 0x00000000e0000000)
  object space 381440K, 72% used [0x00000000a0000000,0x00000000b0d4d1e0,0x00000000b7480000)
 Metaspace       used 109334K, capacity 114349K, committed 114688K, reserved 1148928K
  class space    used 13863K, capacity 14934K, committed 15104K, reserved 1048576K
Event: 4946.160 GC heap after
Heap after GC invocations=35 (full 5):
 PSYoungGen      total 343040K, used 82565K [0x00000000e0000000, 0x0000000100000000, 0x0000000100000000)
  eden space 247808K, 0% used [0x00000000e0000000,0x00000000e0000000,0x00000000ef200000)
  from space 95232K, 86% used [0x00000000fa300000,0x00000000ff3a1710,0x0000000100000000)
  to   space 138240K, 0% used [0x00000000ef200000,0x00000000ef200000,0x00000000f7900000)
 ParOldGen       total 381440K, used 368127K [0x00000000a0000000, 0x00000000b7480000, 0x00000000e0000000)
  object space 381440K, 96% used [0x00000000a0000000,0x00000000b677fe58,0x00000000b7480000)
 Metaspace       used 109334K, capacity 114349K, committed 114688K, reserved 1148928K
  class space    used 13863K, capacity 14934K, committed 15104K, reserved 1048576K
}
Event: 4946.160 GC heap before
{Heap before GC invocations=36 (full 6):
 PSYoungGen      total 343040K, used 82565K [0x00000000e0000000, 0x0000000100000000, 0x0000000100000000)
  eden space 247808K, 0% used [0x00000000e0000000,0x00000000e0000000,0x00000000ef200000)
  from space 95232K, 86% used [0x00000000fa300000,0x00000000ff3a1710,0x0000000100000000)
  to   space 138240K, 0% used [0x00000000ef200000,0x00000000ef200000,0x00000000f7900000)
 ParOldGen       total 381440K, used 368127K [0x00000000a0000000, 0x00000000b7480000, 0x00000000e0000000)
  object space 381440K, 96% used [0x00000000a0000000,0x00000000b677fe58,0x00000000b7480000)
 Metaspace       used 109334K, capacity 114349K, committed 114688K, reserved 1148928K
  class space    used 13863K, capacity 14934K, committed 15104K, reserved 1048576K
Event: 4950.529 GC heap after
Heap after GC invocations=36 (full 6):
 PSYoungGen      total 343040K, used 0K [0x00000000e0000000, 0x0000000100000000, 0x0000000100000000)
  eden space 247808K, 0% used [0x00000000e0000000,0x00000000e0000000,0x00000000ef200000)
  from space 95232K, 0% used [0x00000000fa300000,0x00000000fa300000,0x0000000100000000)
  to   space 138240K, 0% used [0x00000000ef200000,0x00000000ef200000,0x00000000f7900000)
 ParOldGen       total 622592K, used 368207K [0x00000000a0000000, 0x00000000c6000000, 0x00000000e0000000)
  object space 622592K, 59% used [0x00000000a0000000,0x00000000b6793fd0,0x00000000c6000000)
 Metaspace       used 109303K, capacity 114269K, committed 114688K, reserved 1148928K
  class space    used 13852K, capacity 14914K, committed 15104K, reserved 1048576K
}
Event: 4951.240 GC heap before
{Heap before GC invocations=37 (full 6):
 PSYoungGen      total 343040K, used 238465K [0x00000000e0000000, 0x0000000100000000, 0x0000000100000000)
  eden space 247808K, 96% used [0x00000000e0000000,0x00000000ee8e0690,0x00000000ef200000)
  from space 95232K, 0% used [0x00000000fa300000,0x00000000fa300000,0x0000000100000000)
  to   space 138240K, 0% used [0x00000000ef200000,0x00000000ef200000,0x00000000f7900000)
 ParOldGen       total 622592K, used 368207K [0x00000000a0000000, 0x00000000c6000000, 0x00000000e0000000)
  object space 622592K, 59% used [0x00000000a0000000,0x00000000b6793fd0,0x00000000c6000000)
 Metaspace       used 109347K, capacity 114269K, committed 114688K, reserved 1148928K
  class space    used 13852K, capacity 14914K, committed 15104K, reserved 1048576K
Event: 4951.280 GC heap after
Heap after GC invocations=37 (full 6):
 PSYoungGen      total 386048K, used 31140K [0x00000000e0000000, 0x0000000100000000, 0x0000000100000000)
  eden space 247808K, 0% used [0x00000000e0000000,0x00000000e0000000,0x00000000ef200000)
  from space 138240K, 22% used [0x00000000ef200000,0x00000000f10690a8,0x00000000f7900000)
  to   space 133120K, 0% used [0x00000000f7e00000,0x00000000f7e00000,0x0000000100000000)
 ParOldGen       total 622592K, used 368207K [0x00000000a0000000, 0x00000000c6000000, 0x00000000e0000000)
  object space 622592K, 59% used [0x00000000a0000000,0x00000000b6793fd0,0x00000000c6000000)
 Metaspace       used 109347K, capacity 114269K, committed 114688K, reserved 1148928K
  class space    used 13852K, capacity 14914K, committed 15104K, reserved 1048576K
}
Event: 4955.946 GC heap before
{Heap before GC invocations=38 (full 6):
 PSYoungGen      total 386048K, used 276681K [0x00000000e0000000, 0x0000000100000000, 0x0000000100000000)
  eden space 247808K, 99% used [0x00000000e0000000,0x00000000eefc96e8,0x00000000ef200000)
  from space 138240K, 22% used [0x00000000ef200000,0x00000000f10690a8,0x00000000f7900000)
  to   space 133120K, 0% used [0x00000000f7e00000,0x00000000f7e00000,0x0000000100000000)
 ParOldGen       total 622592K, used 372303K [0x00000000a0000000, 0x00000000c6000000, 0x00000000e0000000)
  object space 622592K, 59% used [0x00000000a0000000,0x00000000b6b93fe0,0x00000000c6000000)
 Metaspace       used 110503K, capacity 115547K, committed 115840K, reserved 1150976K
  class space    used 13995K, capacity 15061K, committed 15232K, reserved 1048576K
Event: 4956.025 GC heap after
Heap after GC invocations=38 (full 6):
 PSYoungGen      total 374784K, used 63400K [0x00000000e0000000, 0x00000000ff500000, 0x0000000100000000)
  eden space 252928K, 0% used [0x00000000e0000000,0x00000000e0000000,0x00000000ef700000)
  from space 121856K, 52% used [0x00000000f7e00000,0x00000000fbbea110,0x00000000ff500000)
  to   space 130048K, 0% used [0x00000000ef700000,0x00000000ef700000,0x00000000f7600000)
 ParOldGen       total 622592K, used 372311K [0x00000000a0000000, 0x00000000c6000000, 0x00000000e0000000)
  object space 622592K, 59% used [0x00000000a0000000,0x00000000b6b95fe0,0x00000000c6000000)
 Metaspace       used 110503K, capacity 115547K, committed 115840K, reserved 1150976K
  class space    used 13995K, capacity 15061K, committed 15232K, reserved 1048576K
}
Event: 4957.376 GC heap before
{Heap before GC invocations=39 (full 6):
 PSYoungGen      total 374784K, used 316328K [0x00000000e0000000, 0x00000000ff500000, 0x0000000100000000)
  eden space 252928K, 100% used [0x00000000e0000000,0x00000000ef700000,0x00000000ef700000)
  from space 121856K, 52% used [0x00000000f7e00000,0x00000000fbbea110,0x00000000ff500000)
  to   space 130048K, 0% used [0x00000000ef700000,0x00000000ef700000,0x00000000f7600000)
 ParOldGen       total 622592K, used 372390K [0x00000000a0000000, 0x00000000c6000000, 0x00000000e0000000)
  object space 622592K, 59% used [0x00000000a0000000,0x00000000b6ba9ae0,0x00000000c6000000)
 Metaspace       used 110679K, capacity 115731K, committed 116096K, reserved 1150976K
  class space    used 14009K, capacity 15069K, committed 15232K, reserved 1048576K
Event: 4957.440 GC heap after
Heap after GC invocations=39 (full 6):
 PSYoungGen      total 382976K, used 97159K [0x00000000e0000000, 0x0000000100000000, 0x0000000100000000)
  eden space 252928K, 0% used [0x00000000e0000000,0x00000000e0000000,0x00000000ef700000)
  from space 130048K, 74% used [0x00000000ef700000,0x00000000f55e1e28,0x00000000f7600000)
  to   space 138752K, 0% used [0x00000000f7880000,0x00000000f7880000,0x0000000100000000)
 ParOldGen       total 622592K, used 372398K [0x00000000a0000000, 0x00000000c6000000, 0x00000000e0000000)
  object space 622592K, 59% used [0x00000000a0000000,0x00000000b6babae0,0x00000000c6000000)
 Metaspace       used 110679K, capacity 115731K, committed 116096K, reserved 1150976K
  class space    used 14009K, capacity 15069K, committed 15232K, reserved 1048576K
}

