# JRE version: OpenJDK Runtime Environment (8.0_242-b01) (build 1.8.0_242-release-1644-b01)
# Java VM: OpenJDK 64-Bit Server VM (25.242-b01 mixed mode windows-amd64 compressed oops)
Heap:
 PSYoungGen      total 38400K, used 14672K [0x00000000d5600000, 0x00000000da100000, 0x0000000100000000)
  eden space 33280K, 44% used [0x00000000d5600000,0x00000000d64541c8,0x00000000d7680000)
  from space 5120K, 0% used [0x00000000d7680000,0x00000000d7680000,0x00000000d7b80000)
  to   space 5120K, 0% used [0x00000000d9c00000,0x00000000d9c00000,0x00000000da100000)
 ParOldGen       total 66048K, used 7844K [0x0000000080200000, 0x0000000084280000, 0x00000000d5600000)
  object space 66048K, 11% used [0x0000000080200000,0x00000000809a90d8,0x0000000084280000)
 Metaspace       used 23746K, capacity 24167K, committed 24448K, reserved 1071104K
  class space    used 3022K, capacity 3126K, committed 3200K, reserved 1048576K
GC Heap History (8 events):
Event: 1.059 GC heap before
{Heap before GC invocations=1 (full 0):
 PSYoungGen      total 38400K, used 33280K [0x00000000d5600000, 0x00000000d8080000, 0x0000000100000000)
  eden space 33280K, 100% used [0x00000000d5600000,0x00000000d7680000,0x00000000d7680000)
  from space 5120K, 0% used [0x00000000d7b80000,0x00000000d7b80000,0x00000000d8080000)
  to   space 5120K, 0% used [0x00000000d7680000,0x00000000d7680000,0x00000000d7b80000)
 ParOldGen       total 87552K, used 0K [0x0000000080200000, 0x0000000085780000, 0x00000000d5600000)
  object space 87552K, 0% used [0x0000000080200000,0x0000000080200000,0x0000000085780000)
 Metaspace       used 9427K, capacity 10068K, committed 10368K, reserved 1058816K
  class space    used 1020K, capacity 1040K, committed 1152K, reserved 1048576K
Event: 1.069 GC heap after
Heap after GC invocations=1 (full 0):
 PSYoungGen      total 38400K, used 5116K [0x00000000d5600000, 0x00000000d8080000, 0x0000000100000000)
  eden space 33280K, 0% used [0x00000000d5600000,0x00000000d5600000,0x00000000d7680000)
  from space 5120K, 99% used [0x00000000d7680000,0x00000000d7b7f0d0,0x00000000d7b80000)
  to   space 5120K, 0% used [0x00000000d7b80000,0x00000000d7b80000,0x00000000d8080000)
 ParOldGen       total 87552K, used 2904K [0x0000000080200000, 0x0000000085780000, 0x00000000d5600000)
  object space 87552K, 3% used [0x0000000080200000,0x00000000804d6050,0x0000000085780000)
 Metaspace       used 9427K, capacity 10068K, committed 10368K, reserved 1058816K
  class space    used 1020K, capacity 1040K, committed 1152K, reserved 1048576K
}
Event: 2.241 GC heap before
{Heap before GC invocations=2 (full 0):
 PSYoungGen      total 38400K, used 38396K [0x00000000d5600000, 0x00000000d8080000, 0x0000000100000000)
  eden space 33280K, 100% used [0x00000000d5600000,0x00000000d7680000,0x00000000d7680000)
  from space 5120K, 99% used [0x00000000d7680000,0x00000000d7b7f0d0,0x00000000d7b80000)
  to   space 5120K, 0% used [0x00000000d7b80000,0x00000000d7b80000,0x00000000d8080000)
 ParOldGen       total 87552K, used 2904K [0x0000000080200000, 0x0000000085780000, 0x00000000d5600000)
  object space 87552K, 3% used [0x0000000080200000,0x00000000804d6050,0x0000000085780000)
 Metaspace       used 17457K, capacity 17758K, committed 18048K, reserved 1064960K
  class space    used 1997K, capacity 2097K, committed 2176K, reserved 1048576K
Event: 2.256 GC heap after
Heap after GC invocations=2 (full 0):
 PSYoungGen      total 38400K, used 5099K [0x00000000d5600000, 0x00000000da100000, 0x0000000100000000)
  eden space 33280K, 0% used [0x00000000d5600000,0x00000000d5600000,0x00000000d7680000)
  from space 5120K, 99% used [0x00000000d7b80000,0x00000000d807af30,0x00000000d8080000)
  to   space 5120K, 0% used [0x00000000d7680000,0x00000000d7680000,0x00000000d7b80000)
 ParOldGen       total 87552K, used 8244K [0x0000000080200000, 0x0000000085780000, 0x00000000d5600000)
  object space 87552K, 9% used [0x0000000080200000,0x0000000080a0d368,0x0000000085780000)
 Metaspace       used 17457K, capacity 17758K, committed 18048K, reserved 1064960K
  class space    used 1997K, capacity 2097K, committed 2176K, reserved 1048576K
}
Event: 2.633 GC heap before
{Heap before GC invocations=3 (full 0):
 PSYoungGen      total 38400K, used 17117K [0x00000000d5600000, 0x00000000da100000, 0x0000000100000000)
  eden space 33280K, 36% used [0x00000000d5600000,0x00000000d61bc4d8,0x00000000d7680000)
  from space 5120K, 99% used [0x00000000d7b80000,0x00000000d807af30,0x00000000d8080000)
  to   space 5120K, 0% used [0x00000000d7680000,0x00000000d7680000,0x00000000d7b80000)
 ParOldGen       total 87552K, used 8244K [0x0000000080200000, 0x0000000085780000, 0x00000000d5600000)
  object space 87552K, 9% used [0x0000000080200000,0x0000000080a0d368,0x0000000085780000)
 Metaspace       used 20684K, capacity 21014K, committed 21248K, reserved 1067008K
  class space    used 2645K, capacity 2753K, committed 2816K, reserved 1048576K
Event: 2.646 GC heap after
Heap after GC invocations=3 (full 0):
 PSYoungGen      total 38400K, used 5108K [0x00000000d5600000, 0x00000000da100000, 0x0000000100000000)
  eden space 33280K, 0% used [0x00000000d5600000,0x00000000d5600000,0x00000000d7680000)
  from space 5120K, 99% used [0x00000000d7680000,0x00000000d7b7d0b8,0x00000000d7b80000)
  to   space 5120K, 0% used [0x00000000d9c00000,0x00000000d9c00000,0x00000000da100000)
 ParOldGen       total 87552K, used 10686K [0x0000000080200000, 0x0000000085780000, 0x00000000d5600000)
  object space 87552K, 12% used [0x0000000080200000,0x0000000080c6f928,0x0000000085780000)
 Metaspace       used 20684K, capacity 21014K, committed 21248K, reserved 1067008K
  class space    used 2645K, capacity 2753K, committed 2816K, reserved 1048576K
}
Event: 2.646 GC heap before
{Heap before GC invocations=4 (full 1):
 PSYoungGen      total 38400K, used 5108K [0x00000000d5600000, 0x00000000da100000, 0x0000000100000000)
  eden space 33280K, 0% used [0x00000000d5600000,0x00000000d5600000,0x00000000d7680000)
  from space 5120K, 99% used [0x00000000d7680000,0x00000000d7b7d0b8,0x00000000d7b80000)
  to   space 5120K, 0% used [0x00000000d9c00000,0x00000000d9c00000,0x00000000da100000)
 ParOldGen       total 87552K, used 10686K [0x0000000080200000, 0x0000000085780000, 0x00000000d5600000)
  object space 87552K, 12% used [0x0000000080200000,0x0000000080c6f928,0x0000000085780000)
 Metaspace       used 20684K, capacity 21014K, committed 21248K, reserved 1067008K
  class space    used 2645K, capacity 2753K, committed 2816K, reserved 1048576K
Event: 2.709 GC heap after
Heap after GC invocations=4 (full 1):
 PSYoungGen      total 38400K, used 0K [0x00000000d5600000, 0x00000000da100000, 0x0000000100000000)
  eden space 33280K, 0% used [0x00000000d5600000,0x00000000d5600000,0x00000000d7680000)
  from space 5120K, 0% used [0x00000000d7680000,0x00000000d7680000,0x00000000d7b80000)
  to   space 5120K, 0% used [0x00000000d9c00000,0x00000000d9c00000,0x00000000da100000)
 ParOldGen       total 66048K, used 7844K [0x0000000080200000, 0x0000000084280000, 0x00000000d5600000)
  object space 66048K, 11% used [0x0000000080200000,0x00000000809a90d8,0x0000000084280000)
 Metaspace       used 20684K, capacity 21014K, committed 21248K, reserved 1067008K
  class space    used 2645K, capacity 2753K, committed 2816K, reserved 1048576K
}

