# JRE version: OpenJDK Runtime Environment (8.0_242-b01) (build 1.8.0_242-release-1644-b01)
# Java VM: OpenJDK 64-Bit Server VM (25.242-b01 mixed mode windows-amd64 compressed oops)
Heap:
 PSYoungGen      total 43520K, used 14891K [0x00000000e0000000, 0x00000000e3f00000, 0x0000000100000000)
  eden space 33280K, 30% used [0x00000000e0000000,0x00000000e0a0dae8,0x00000000e2080000)
  from space 10240K, 44% used [0x00000000e2080000,0x00000000e24fd318,0x00000000e2a80000)
  to   space 10240K, 0% used [0x00000000e3500000,0x00000000e3500000,0x00000000e3f00000)
 ParOldGen       total 70144K, used 10636K [0x00000000a0000000, 0x00000000a4480000, 0x00000000e0000000)
  object space 70144K, 15% used [0x00000000a0000000,0x00000000a0a632b0,0x00000000a4480000)
 Metaspace       used 26481K, capacity 26898K, committed 27136K, reserved 1073152K
  class space    used 3576K, capacity 3762K, committed 3840K, reserved 1048576K
GC Heap History (10 events):
Event: 9.388 GC heap before
{Heap before GC invocations=4 (full 0):
 PSYoungGen      total 38400K, used 38371K [0x00000000e0000000, 0x00000000e2a80000, 0x0000000100000000)
  eden space 33280K, 100% used [0x00000000e0000000,0x00000000e2080000,0x00000000e2080000)
  from space 5120K, 99% used [0x00000000e2080000,0x00000000e2578df0,0x00000000e2580000)
  to   space 5120K, 0% used [0x00000000e2580000,0x00000000e2580000,0x00000000e2a80000)
 ParOldGen       total 87552K, used 1839K [0x00000000a0000000, 0x00000000a5580000, 0x00000000e0000000)
  object space 87552K, 2% used [0x00000000a0000000,0x00000000a01cbed8,0x00000000a5580000)
 Metaspace       used 15790K, capacity 16162K, committed 16512K, reserved 1062912K
  class space    used 2245K, capacity 2393K, committed 2432K, reserved 1048576K
Event: 9.415 GC heap after
Heap after GC invocations=4 (full 0):
 PSYoungGen      total 38400K, used 5088K [0x00000000e0000000, 0x00000000e2a80000, 0x0000000100000000)
  eden space 33280K, 0% used [0x00000000e0000000,0x00000000e0000000,0x00000000e2080000)
  from space 5120K, 99% used [0x00000000e2580000,0x00000000e2a78020,0x00000000e2a80000)
  to   space 5120K, 0% used [0x00000000e2080000,0x00000000e2080000,0x00000000e2580000)
 ParOldGen       total 87552K, used 4767K [0x00000000a0000000, 0x00000000a5580000, 0x00000000e0000000)
  object space 87552K, 5% used [0x00000000a0000000,0x00000000a04a7ff0,0x00000000a5580000)
 Metaspace       used 15790K, capacity 16162K, committed 16512K, reserved 1062912K
  class space    used 2245K, capacity 2393K, committed 2432K, reserved 1048576K
}
Event: 10.982 GC heap before
{Heap before GC invocations=5 (full 0):
 PSYoungGen      total 38400K, used 38368K [0x00000000e0000000, 0x00000000e2a80000, 0x0000000100000000)
  eden space 33280K, 100% used [0x00000000e0000000,0x00000000e2080000,0x00000000e2080000)
  from space 5120K, 99% used [0x00000000e2580000,0x00000000e2a78020,0x00000000e2a80000)
  to   space 5120K, 0% used [0x00000000e2080000,0x00000000e2080000,0x00000000e2580000)
 ParOldGen       total 87552K, used 4767K [0x00000000a0000000, 0x00000000a5580000, 0x00000000e0000000)
  object space 87552K, 5% used [0x00000000a0000000,0x00000000a04a7ff0,0x00000000a5580000)
 Metaspace       used 18902K, capacity 19294K, committed 19584K, reserved 1067008K
  class space    used 2720K, capacity 2893K, committed 2944K, reserved 1048576K
Event: 10.998 GC heap after
Heap after GC invocations=5 (full 0):
 PSYoungGen      total 37888K, used 5088K [0x00000000e0000000, 0x00000000e3500000, 0x0000000100000000)
  eden space 32768K, 0% used [0x00000000e0000000,0x00000000e0000000,0x00000000e2000000)
  from space 5120K, 99% used [0x00000000e2080000,0x00000000e2578030,0x00000000e2580000)
  to   space 10752K, 0% used [0x00000000e2a80000,0x00000000e2a80000,0x00000000e3500000)
 ParOldGen       total 87552K, used 8450K [0x00000000a0000000, 0x00000000a5580000, 0x00000000e0000000)
  object space 87552K, 9% used [0x00000000a0000000,0x00000000a0840b40,0x00000000a5580000)
 Metaspace       used 18902K, capacity 19294K, committed 19584K, reserved 1067008K
  class space    used 2720K, capacity 2893K, committed 2944K, reserved 1048576K
}
Event: 12.220 GC heap before
{Heap before GC invocations=6 (full 0):
 PSYoungGen      total 37888K, used 17386K [0x00000000e0000000, 0x00000000e3500000, 0x0000000100000000)
  eden space 32768K, 37% used [0x00000000e0000000,0x00000000e0c029b8,0x00000000e2000000)
  from space 5120K, 99% used [0x00000000e2080000,0x00000000e2578030,0x00000000e2580000)
  to   space 10752K, 0% used [0x00000000e2a80000,0x00000000e2a80000,0x00000000e3500000)
 ParOldGen       total 87552K, used 8450K [0x00000000a0000000, 0x00000000a5580000, 0x00000000e0000000)
  object space 87552K, 9% used [0x00000000a0000000,0x00000000a0840b40,0x00000000a5580000)
 Metaspace       used 20643K, capacity 21054K, committed 21296K, reserved 1067008K
  class space    used 2896K, capacity 3117K, committed 3200K, reserved 1048576K
Event: 12.247 GC heap after
Heap after GC invocations=6 (full 0):
 PSYoungGen      total 44032K, used 7040K [0x00000000e0000000, 0x00000000e5400000, 0x0000000100000000)
  eden space 33280K, 0% used [0x00000000e0000000,0x00000000e0000000,0x00000000e2080000)
  from space 10752K, 65% used [0x00000000e2a80000,0x00000000e31600e0,0x00000000e3500000)
  to   space 10240K, 0% used [0x00000000e2080000,0x00000000e2080000,0x00000000e2a80000)
 ParOldGen       total 87552K, used 8458K [0x00000000a0000000, 0x00000000a5580000, 0x00000000e0000000)
  object space 87552K, 9% used [0x00000000a0000000,0x00000000a0842b40,0x00000000a5580000)
 Metaspace       used 20643K, capacity 21054K, committed 21296K, reserved 1067008K
  class space    used 2896K, capacity 3117K, committed 3200K, reserved 1048576K
}
Event: 12.247 GC heap before
{Heap before GC invocations=7 (full 1):
 PSYoungGen      total 44032K, used 7040K [0x00000000e0000000, 0x00000000e5400000, 0x0000000100000000)
  eden space 33280K, 0% used [0x00000000e0000000,0x00000000e0000000,0x00000000e2080000)
  from space 10752K, 65% used [0x00000000e2a80000,0x00000000e31600e0,0x00000000e3500000)
  to   space 10240K, 0% used [0x00000000e2080000,0x00000000e2080000,0x00000000e2a80000)
 ParOldGen       total 87552K, used 8458K [0x00000000a0000000, 0x00000000a5580000, 0x00000000e0000000)
  object space 87552K, 9% used [0x00000000a0000000,0x00000000a0842b40,0x00000000a5580000)
 Metaspace       used 20643K, capacity 21054K, committed 21296K, reserved 1067008K
  class space    used 2896K, capacity 3117K, committed 3200K, reserved 1048576K
Event: 12.514 GC heap after
Heap after GC invocations=7 (full 1):
 PSYoungGen      total 44032K, used 0K [0x00000000e0000000, 0x00000000e5400000, 0x0000000100000000)
  eden space 33280K, 0% used [0x00000000e0000000,0x00000000e0000000,0x00000000e2080000)
  from space 10752K, 0% used [0x00000000e2a80000,0x00000000e2a80000,0x00000000e3500000)
  to   space 10240K, 0% used [0x00000000e2080000,0x00000000e2080000,0x00000000e2a80000)
 ParOldGen       total 70144K, used 10628K [0x00000000a0000000, 0x00000000a4480000, 0x00000000e0000000)
  object space 70144K, 15% used [0x00000000a0000000,0x00000000a0a612b0,0x00000000a4480000)
 Metaspace       used 20643K, capacity 21054K, committed 21296K, reserved 1067008K
  class space    used 2896K, capacity 3117K, committed 3200K, reserved 1048576K
}
Event: 17.300 GC heap before
{Heap before GC invocations=8 (full 1):
 PSYoungGen      total 44032K, used 33280K [0x00000000e0000000, 0x00000000e5400000, 0x0000000100000000)
  eden space 33280K, 100% used [0x00000000e0000000,0x00000000e2080000,0x00000000e2080000)
  from space 10752K, 0% used [0x00000000e2a80000,0x00000000e2a80000,0x00000000e3500000)
  to   space 10240K, 0% used [0x00000000e2080000,0x00000000e2080000,0x00000000e2a80000)
 ParOldGen       total 70144K, used 10628K [0x00000000a0000000, 0x00000000a4480000, 0x00000000e0000000)
  object space 70144K, 15% used [0x00000000a0000000,0x00000000a0a612b0,0x00000000a4480000)
 Metaspace       used 25816K, capacity 26290K, committed 26496K, reserved 1073152K
  class space    used 3469K, capacity 3666K, committed 3712K, reserved 1048576K
Event: 17.310 GC heap after
Heap after GC invocations=8 (full 1):
 PSYoungGen      total 43520K, used 4596K [0x00000000e0000000, 0x00000000e3f00000, 0x0000000100000000)
  eden space 33280K, 0% used [0x00000000e0000000,0x00000000e0000000,0x00000000e2080000)
  from space 10240K, 44% used [0x00000000e2080000,0x00000000e24fd318,0x00000000e2a80000)
  to   space 10240K, 0% used [0x00000000e3500000,0x00000000e3500000,0x00000000e3f00000)
 ParOldGen       total 70144K, used 10636K [0x00000000a0000000, 0x00000000a4480000, 0x00000000e0000000)
  object space 70144K, 15% used [0x00000000a0000000,0x00000000a0a632b0,0x00000000a4480000)
 Metaspace       used 25816K, capacity 26290K, committed 26496K, reserved 1073152K
  class space    used 3469K, capacity 3666K, committed 3712K, reserved 1048576K
}

