# JRE version: OpenJDK Runtime Environment (8.0_242-b01) (build 1.8.0_242-release-1644-b01)
# Java VM: OpenJDK 64-Bit Server VM (25.242-b01 mixed mode windows-amd64 compressed oops)
Heap:
 PSYoungGen      total 283648K, used 99915K [0x00000000e0000000, 0x0000000100000000, 0x0000000100000000)
  eden space 183296K, 0% used [0x00000000e0000000,0x00000000e0000000,0x00000000eb300000)
  from space 100352K, 99% used [0x00000000eb300000,0x00000000f1492f70,0x00000000f1500000)
  to   space 172032K, 0% used [0x00000000f5800000,0x00000000f5800000,0x0000000100000000)
 ParOldGen       total 507392K, used 456816K [0x00000000a0000000, 0x00000000bef80000, 0x00000000e0000000)
  object space 507392K, 90% used [0x00000000a0000000,0x00000000bbe1c3a8,0x00000000bef80000)
 Metaspace       used 114186K, capacity 119307K, committed 119808K, reserved 1153024K
  class space    used 14246K, capacity 15261K, committed 15360K, reserved 1048576K
GC Heap History (10 events):
Event: 2663.087 GC heap after
Heap after GC invocations=52 (full 5):
 PSYoungGen      total 395776K, used 94124K [0x00000000e0000000, 0x0000000100000000, 0x0000000100000000)
  eden space 288256K, 0% used [0x00000000e0000000,0x00000000e0000000,0x00000000f1980000)
  from space 107520K, 87% used [0x00000000f1980000,0x00000000f756b030,0x00000000f8280000)
  to   space 120320K, 0% used [0x00000000f8a80000,0x00000000f8a80000,0x0000000100000000)
 ParOldGen       total 507392K, used 333564K [0x00000000a0000000, 0x00000000bef80000, 0x00000000e0000000)
  object space 507392K, 65% used [0x00000000a0000000,0x00000000b45bf1e0,0x00000000bef80000)
 Metaspace       used 113637K, capacity 118699K, committed 119296K, reserved 1153024K
  class space    used 14194K, capacity 15198K, committed 15360K, reserved 1048576K
}
Event: 2668.995 GC heap before
{Heap before GC invocations=53 (full 5):
 PSYoungGen      total 395776K, used 382380K [0x00000000e0000000, 0x0000000100000000, 0x0000000100000000)
  eden space 288256K, 100% used [0x00000000e0000000,0x00000000f1980000,0x00000000f1980000)
  from space 107520K, 87% used [0x00000000f1980000,0x00000000f756b030,0x00000000f8280000)
  to   space 120320K, 0% used [0x00000000f8a80000,0x00000000f8a80000,0x0000000100000000)
 ParOldGen       total 507392K, used 333564K [0x00000000a0000000, 0x00000000bef80000, 0x00000000e0000000)
  object space 507392K, 65% used [0x00000000a0000000,0x00000000b45bf1e0,0x00000000bef80000)
 Metaspace       used 113739K, capacity 118763K, committed 119552K, reserved 1153024K
  class space    used 14197K, capacity 15198K, committed 15360K, reserved 1048576K
Event: 2669.424 GC heap after
Heap after GC invocations=53 (full 5):
 PSYoungGen      total 333312K, used 120306K [0x00000000e0000000, 0x0000000100000000, 0x0000000100000000)
  eden space 212992K, 0% used [0x00000000e0000000,0x00000000e0000000,0x00000000ed000000)
  from space 120320K, 99% used [0x00000000f8a80000,0x00000000ffffca38,0x0000000100000000)
  to   space 155648K, 0% used [0x00000000ed000000,0x00000000ed000000,0x00000000f6800000)
 ParOldGen       total 507392K, used 375957K [0x00000000a0000000, 0x00000000bef80000, 0x00000000e0000000)
  object space 507392K, 74% used [0x00000000a0000000,0x00000000b6f25688,0x00000000bef80000)
 Metaspace       used 113739K, capacity 118763K, committed 119552K, reserved 1153024K
  class space    used 14197K, capacity 15198K, committed 15360K, reserved 1048576K
}
Event: 2673.389 GC heap before
{Heap before GC invocations=54 (full 5):
 PSYoungGen      total 333312K, used 333298K [0x00000000e0000000, 0x0000000100000000, 0x0000000100000000)
  eden space 212992K, 100% used [0x00000000e0000000,0x00000000ed000000,0x00000000ed000000)
  from space 120320K, 99% used [0x00000000f8a80000,0x00000000ffffca38,0x0000000100000000)
  to   space 155648K, 0% used [0x00000000ed000000,0x00000000ed000000,0x00000000f6800000)
 ParOldGen       total 507392K, used 375957K [0x00000000a0000000, 0x00000000bef80000, 0x00000000e0000000)
  object space 507392K, 74% used [0x00000000a0000000,0x00000000b6f25688,0x00000000bef80000)
 Metaspace       used 114012K, capacity 119061K, committed 119808K, reserved 1153024K
  class space    used 14220K, capacity 15236K, committed 15360K, reserved 1048576K
Event: 2674.282 GC heap after
Heap after GC invocations=54 (full 5):
 PSYoungGen      total 305664K, used 92484K [0x00000000e0000000, 0x0000000100000000, 0x0000000100000000)
  eden space 212992K, 0% used [0x00000000e0000000,0x00000000e0000000,0x00000000ed000000)
  from space 92672K, 99% used [0x00000000ed000000,0x00000000f2a51178,0x00000000f2a80000)
  to   space 158208K, 0% used [0x00000000f6580000,0x00000000f6580000,0x0000000100000000)
 ParOldGen       total 507392K, used 388422K [0x00000000a0000000, 0x00000000bef80000, 0x00000000e0000000)
  object space 507392K, 76% used [0x00000000a0000000,0x00000000b7b51850,0x00000000bef80000)
 Metaspace       used 114012K, capacity 119061K, committed 119808K, reserved 1153024K
  class space    used 14220K, capacity 15236K, committed 15360K, reserved 1048576K
}
Event: 2677.568 GC heap before
{Heap before GC invocations=55 (full 5):
 PSYoungGen      total 305664K, used 305476K [0x00000000e0000000, 0x0000000100000000, 0x0000000100000000)
  eden space 212992K, 100% used [0x00000000e0000000,0x00000000ed000000,0x00000000ed000000)
  from space 92672K, 99% used [0x00000000ed000000,0x00000000f2a51178,0x00000000f2a80000)
  to   space 158208K, 0% used [0x00000000f6580000,0x00000000f6580000,0x0000000100000000)
 ParOldGen       total 507392K, used 388422K [0x00000000a0000000, 0x00000000bef80000, 0x00000000e0000000)
  object space 507392K, 76% used [0x00000000a0000000,0x00000000b7b51850,0x00000000bef80000)
 Metaspace       used 114138K, capacity 119197K, committed 119808K, reserved 1153024K
  class space    used 14241K, capacity 15252K, committed 15360K, reserved 1048576K
Event: 2677.986 GC heap after
Heap after GC invocations=55 (full 5):
 PSYoungGen      total 341504K, used 122002K [0x00000000e0000000, 0x0000000100000000, 0x0000000100000000)
  eden space 183296K, 0% used [0x00000000e0000000,0x00000000e0000000,0x00000000eb300000)
  from space 158208K, 77% used [0x00000000f6580000,0x00000000fdca4be0,0x0000000100000000)
  to   space 170496K, 0% used [0x00000000eb300000,0x00000000eb300000,0x00000000f5980000)
 ParOldGen       total 507392K, used 399215K [0x00000000a0000000, 0x00000000bef80000, 0x00000000e0000000)
  object space 507392K, 78% used [0x00000000a0000000,0x00000000b85dbd60,0x00000000bef80000)
 Metaspace       used 114138K, capacity 119197K, committed 119808K, reserved 1153024K
  class space    used 14241K, capacity 15252K, committed 15360K, reserved 1048576K
}
Event: 2680.636 GC heap before
{Heap before GC invocations=56 (full 5):
 PSYoungGen      total 341504K, used 305298K [0x00000000e0000000, 0x0000000100000000, 0x0000000100000000)
  eden space 183296K, 100% used [0x00000000e0000000,0x00000000eb300000,0x00000000eb300000)
  from space 158208K, 77% used [0x00000000f6580000,0x00000000fdca4be0,0x0000000100000000)
  to   space 170496K, 0% used [0x00000000eb300000,0x00000000eb300000,0x00000000f5980000)
 ParOldGen       total 507392K, used 399215K [0x00000000a0000000, 0x00000000bef80000, 0x00000000e0000000)
  object space 507392K, 78% used [0x00000000a0000000,0x00000000b85dbd60,0x00000000bef80000)
 Metaspace       used 114186K, capacity 119307K, committed 119808K, reserved 1153024K
  class space    used 14246K, capacity 15261K, committed 15360K, reserved 1048576K
Event: 2681.268 GC heap after
Heap after GC invocations=56 (full 5):
 PSYoungGen      total 283648K, used 99915K [0x00000000e0000000, 0x0000000100000000, 0x0000000100000000)
  eden space 183296K, 0% used [0x00000000e0000000,0x00000000e0000000,0x00000000eb300000)
  from space 100352K, 99% used [0x00000000eb300000,0x00000000f1492f70,0x00000000f1500000)
  to   space 172032K, 0% used [0x00000000f5800000,0x00000000f5800000,0x0000000100000000)
 ParOldGen       total 507392K, used 456816K [0x00000000a0000000, 0x00000000bef80000, 0x00000000e0000000)
  object space 507392K, 90% used [0x00000000a0000000,0x00000000bbe1c3a8,0x00000000bef80000)
 Metaspace       used 114186K, capacity 119307K, committed 119808K, reserved 1153024K
  class space    used 14246K, capacity 15261K, committed 15360K, reserved 1048576K
}
Event: 2681.268 GC heap before
{Heap before GC invocations=57 (full 6):
 PSYoungGen      total 283648K, used 99915K [0x00000000e0000000, 0x0000000100000000, 0x0000000100000000)
  eden space 183296K, 0% used [0x00000000e0000000,0x00000000e0000000,0x00000000eb300000)
  from space 100352K, 99% used [0x00000000eb300000,0x00000000f1492f70,0x00000000f1500000)
  to   space 172032K, 0% used [0x00000000f5800000,0x00000000f5800000,0x0000000100000000)
 ParOldGen       total 507392K, used 456816K [0x00000000a0000000, 0x00000000bef80000, 0x00000000e0000000)
  object space 507392K, 90% used [0x00000000a0000000,0x00000000bbe1c3a8,0x00000000bef80000)
 Metaspace       used 114186K, capacity 119307K, committed 119808K, reserved 1153024K
  class space    used 14246K, capacity 15261K, committed 15360K, reserved 1048576K

