# JRE version: OpenJDK Runtime Environment (8.0_242-b01) (build 1.8.0_242-release-1644-b01)
# Java VM: OpenJDK 64-Bit Server VM (25.242-b01 mixed mode windows-amd64 compressed oops)
Heap:
 PSYoungGen      total 415744K, used 199963K [0x00000000e0000000, 0x00000000ffe80000, 0x0000000100000000)
  eden space 398336K, 45% used [0x00000000e0000000,0x00000000eb2b4be0,0x00000000f8500000)
  from space 17408K, 97% used [0x00000000f8500000,0x00000000f9592350,0x00000000f9600000)
  to   space 61952K, 0% used [0x00000000fc200000,0x00000000fc200000,0x00000000ffe80000)
 ParOldGen       total 589824K, used 119246K [0x00000000a0000000, 0x00000000c4000000, 0x00000000e0000000)
  object space 589824K, 20% used [0x00000000a0000000,0x00000000a7473a68,0x00000000c4000000)
 Metaspace       used 115521K, capacity 123674K, committed 123928K, reserved 1157120K
  class space    used 14353K, capacity 15843K, committed 15912K, reserved 1048576K
GC Heap History (10 events):
Event: 13323.947 GC heap before
{Heap before GC invocations=138 (full 9):
 PSYoungGen      total 458752K, used 420120K [0x00000000e0000000, 0x00000000ffa00000, 0x0000000100000000)
  eden space 398336K, 99% used [0x00000000e0000000,0x00000000f84f1e50,0x00000000f8500000)
  from space 60416K, 36% used [0x00000000fbf00000,0x00000000fd454230,0x00000000ffa00000)
  to   space 59392K, 0% used [0x00000000f8500000,0x00000000f8500000,0x00000000fbf00000)
 ParOldGen       total 589824K, used 118219K [0x00000000a0000000, 0x00000000c4000000, 0x00000000e0000000)
  object space 589824K, 20% used [0x00000000a0000000,0x00000000a7372d30,0x00000000c4000000)
 Metaspace       used 111253K, capacity 118914K, committed 119576K, reserved 1153024K
  class space    used 13748K, capacity 15142K, committed 15400K, reserved 1048576K
Event: 13324.006 GC heap after
Heap after GC invocations=138 (full 9):
 PSYoungGen      total 457728K, used 35716K [0x00000000e0000000, 0x00000000fff00000, 0x0000000100000000)
  eden space 398336K, 0% used [0x00000000e0000000,0x00000000e0000000,0x00000000f8500000)
  from space 59392K, 60% used [0x00000000f8500000,0x00000000fa7e1190,0x00000000fbf00000)
  to   space 59392K, 0% used [0x00000000fc500000,0x00000000fc500000,0x00000000fff00000)
 ParOldGen       total 589824K, used 118243K [0x00000000a0000000, 0x00000000c4000000, 0x00000000e0000000)
  object space 589824K, 20% used [0x00000000a0000000,0x00000000a7378d30,0x00000000c4000000)
 Metaspace       used 111253K, capacity 118914K, committed 119576K, reserved 1153024K
  class space    used 13748K, capacity 15142K, committed 15400K, reserved 1048576K
}
Event: 14015.763 GC heap before
{Heap before GC invocations=139 (full 9):
 PSYoungGen      total 457728K, used 434052K [0x00000000e0000000, 0x00000000fff00000, 0x0000000100000000)
  eden space 398336K, 100% used [0x00000000e0000000,0x00000000f8500000,0x00000000f8500000)
  from space 59392K, 60% used [0x00000000f8500000,0x00000000fa7e1190,0x00000000fbf00000)
  to   space 59392K, 0% used [0x00000000fc500000,0x00000000fc500000,0x00000000fff00000)
 ParOldGen       total 589824K, used 118243K [0x00000000a0000000, 0x00000000c4000000, 0x00000000e0000000)
  object space 589824K, 20% used [0x00000000a0000000,0x00000000a7378d30,0x00000000c4000000)
 Metaspace       used 111301K, capacity 118978K, committed 119576K, reserved 1153024K
  class space    used 13748K, capacity 15142K, committed 15400K, reserved 1048576K
Event: 14015.810 GC heap after
Heap after GC invocations=139 (full 9):
 PSYoungGen      total 462848K, used 18288K [0x00000000e0000000, 0x00000000ffd00000, 0x0000000100000000)
  eden space 405504K, 0% used [0x00000000e0000000,0x00000000e0000000,0x00000000f8c00000)
  from space 57344K, 31% used [0x00000000fc500000,0x00000000fd6dc120,0x00000000ffd00000)
  to   space 57856K, 0% used [0x00000000f8c00000,0x00000000f8c00000,0x00000000fc480000)
 ParOldGen       total 589824K, used 118275K [0x00000000a0000000, 0x00000000c4000000, 0x00000000e0000000)
  object space 589824K, 20% used [0x00000000a0000000,0x00000000a7380d30,0x00000000c4000000)
 Metaspace       used 111301K, capacity 118978K, committed 119576K, reserved 1153024K
  class space    used 13748K, capacity 15142K, committed 15400K, reserved 1048576K
}
Event: 14028.768 GC heap before
{Heap before GC invocations=140 (full 9):
 PSYoungGen      total 462848K, used 423792K [0x00000000e0000000, 0x00000000ffd00000, 0x0000000100000000)
  eden space 405504K, 100% used [0x00000000e0000000,0x00000000f8c00000,0x00000000f8c00000)
  from space 57344K, 31% used [0x00000000fc500000,0x00000000fd6dc120,0x00000000ffd00000)
  to   space 57856K, 0% used [0x00000000f8c00000,0x00000000f8c00000,0x00000000fc480000)
 ParOldGen       total 589824K, used 118275K [0x00000000a0000000, 0x00000000c4000000, 0x00000000e0000000)
  object space 589824K, 20% used [0x00000000a0000000,0x00000000a7380d30,0x00000000c4000000)
 Metaspace       used 111370K, capacity 119062K, committed 119576K, reserved 1153024K
  class space    used 13756K, capacity 15156K, committed 15400K, reserved 1048576K
Event: 14028.972 GC heap after
Heap after GC invocations=140 (full 9):
 PSYoungGen      total 461824K, used 56093K [0x00000000e0000000, 0x0000000100000000, 0x0000000100000000)
  eden space 405504K, 0% used [0x00000000e0000000,0x00000000e0000000,0x00000000f8c00000)
  from space 56320K, 99% used [0x00000000f8c00000,0x00000000fc2c7738,0x00000000fc300000)
  to   space 62464K, 0% used [0x00000000fc300000,0x00000000fc300000,0x0000000100000000)
 ParOldGen       total 589824K, used 118838K [0x00000000a0000000, 0x00000000c4000000, 0x00000000e0000000)
  object space 589824K, 20% used [0x00000000a0000000,0x00000000a740da68,0x00000000c4000000)
 Metaspace       used 111370K, capacity 119062K, committed 119576K, reserved 1153024K
  class space    used 13756K, capacity 15156K, committed 15400K, reserved 1048576K
}
Event: 14034.203 GC heap before
{Heap before GC invocations=141 (full 9):
 PSYoungGen      total 461824K, used 461321K [0x00000000e0000000, 0x0000000100000000, 0x0000000100000000)
  eden space 405504K, 99% used [0x00000000e0000000,0x00000000f8bbb058,0x00000000f8c00000)
  from space 56320K, 99% used [0x00000000f8c00000,0x00000000fc2c7738,0x00000000fc300000)
  to   space 62464K, 0% used [0x00000000fc300000,0x00000000fc300000,0x0000000100000000)
 ParOldGen       total 589824K, used 118838K [0x00000000a0000000, 0x00000000c4000000, 0x00000000e0000000)
  object space 589824K, 20% used [0x00000000a0000000,0x00000000a740da68,0x00000000c4000000)
 Metaspace       used 111425K, capacity 119146K, committed 119832K, reserved 1153024K
  class space    used 13763K, capacity 15170K, committed 15400K, reserved 1048576K
Event: 14034.257 GC heap after
Heap after GC invocations=141 (full 9):
 PSYoungGen      total 460800K, used 33164K [0x00000000e0000000, 0x0000000100000000, 0x0000000100000000)
  eden space 398336K, 0% used [0x00000000e0000000,0x00000000e0000000,0x00000000f8500000)
  from space 62464K, 53% used [0x00000000fc300000,0x00000000fe363230,0x0000000100000000)
  to   space 62976K, 0% used [0x00000000f8500000,0x00000000f8500000,0x00000000fc280000)
 ParOldGen       total 589824K, used 118862K [0x00000000a0000000, 0x00000000c4000000, 0x00000000e0000000)
  object space 589824K, 20% used [0x00000000a0000000,0x00000000a7413a68,0x00000000c4000000)
 Metaspace       used 111425K, capacity 119146K, committed 119832K, reserved 1153024K
  class space    used 13763K, capacity 15170K, committed 15400K, reserved 1048576K
}
Event: 15313.389 GC heap before
{Heap before GC invocations=142 (full 9):
 PSYoungGen      total 460800K, used 431500K [0x00000000e0000000, 0x0000000100000000, 0x0000000100000000)
  eden space 398336K, 100% used [0x00000000e0000000,0x00000000f8500000,0x00000000f8500000)
  from space 62464K, 53% used [0x00000000fc300000,0x00000000fe363230,0x0000000100000000)
  to   space 62976K, 0% used [0x00000000f8500000,0x00000000f8500000,0x00000000fc280000)
 ParOldGen       total 589824K, used 118862K [0x00000000a0000000, 0x00000000c4000000, 0x00000000e0000000)
  object space 589824K, 20% used [0x00000000a0000000,0x00000000a7413a68,0x00000000c4000000)
 Metaspace       used 115354K, capacity 123450K, committed 123672K, reserved 1157120K
  class space    used 14335K, capacity 15802K, committed 15912K, reserved 1048576K
Event: 15313.454 GC heap after
Heap after GC invocations=142 (full 9):
 PSYoungGen      total 415744K, used 16968K [0x00000000e0000000, 0x00000000ffe80000, 0x0000000100000000)
  eden space 398336K, 0% used [0x00000000e0000000,0x00000000e0000000,0x00000000f8500000)
  from space 17408K, 97% used [0x00000000f8500000,0x00000000f9592350,0x00000000f9600000)
  to   space 61952K, 0% used [0x00000000fc200000,0x00000000fc200000,0x00000000ffe80000)
 ParOldGen       total 589824K, used 119246K [0x00000000a0000000, 0x00000000c4000000, 0x00000000e0000000)
  object space 589824K, 20% used [0x00000000a0000000,0x00000000a7473a68,0x00000000c4000000)
 Metaspace       used 115354K, capacity 123450K, committed 123672K, reserved 1157120K
  class space    used 14335K, capacity 15802K, committed 15912K, reserved 1048576K
}

