# JRE version: OpenJDK Runtime Environment (8.0_242-b01) (build 1.8.0_242-release-1644-b01)
# Java VM: OpenJDK 64-Bit Server VM (25.242-b01 mixed mode windows-amd64 compressed oops)
Heap:
 PSYoungGen      total 144896K, used 118311K [0x00000000e0000000, 0x00000000e9f00000, 0x0000000100000000)
  eden space 132096K, 79% used [0x00000000e0000000,0x00000000e6710788,0x00000000e8100000)
  from space 12800K, 99% used [0x00000000e9100000,0x00000000e9d794d0,0x00000000e9d80000)
  to   space 15360K, 0% used [0x00000000e8100000,0x00000000e8100000,0x00000000e9000000)
 ParOldGen       total 96768K, used 22355K [0x00000000a0000000, 0x00000000a5e80000, 0x00000000e0000000)
  object space 96768K, 23% used [0x00000000a0000000,0x00000000a15d4e78,0x00000000a5e80000)
 Metaspace       used 48610K, capacity 49774K, committed 50048K, reserved 1091584K
  class space    used 6542K, capacity 6939K, committed 7040K, reserved 1048576K
GC Heap History (10 events):
Event: 10.440 GC heap before
{Heap before GC invocations=8 (full 1):
 PSYoungGen      total 76288K, used 66560K [0x00000000e0000000, 0x00000000e5500000, 0x0000000100000000)
  eden space 66560K, 100% used [0x00000000e0000000,0x00000000e4100000,0x00000000e4100000)
  from space 9728K, 0% used [0x00000000e4b80000,0x00000000e4b80000,0x00000000e5500000)
  to   space 10240K, 0% used [0x00000000e4100000,0x00000000e4100000,0x00000000e4b00000)
 ParOldGen       total 59904K, used 8150K [0x00000000a0000000, 0x00000000a3a80000, 0x00000000e0000000)
  object space 59904K, 13% used [0x00000000a0000000,0x00000000a07f5a00,0x00000000a3a80000)
 Metaspace       used 28589K, capacity 29008K, committed 29440K, reserved 1075200K
  class space    used 3854K, capacity 4029K, committed 4096K, reserved 1048576K
Event: 10.484 GC heap after
Heap after GC invocations=8 (full 1):
 PSYoungGen      total 76800K, used 7774K [0x00000000e0000000, 0x00000000e7a00000, 0x0000000100000000)
  eden space 66560K, 0% used [0x00000000e0000000,0x00000000e0000000,0x00000000e4100000)
  from space 10240K, 75% used [0x00000000e4100000,0x00000000e4897a40,0x00000000e4b00000)
  to   space 10240K, 0% used [0x00000000e7000000,0x00000000e7000000,0x00000000e7a00000)
 ParOldGen       total 59904K, used 8158K [0x00000000a0000000, 0x00000000a3a80000, 0x00000000e0000000)
  object space 59904K, 13% used [0x00000000a0000000,0x00000000a07f7a00,0x00000000a3a80000)
 Metaspace       used 28589K, capacity 29008K, committed 29440K, reserved 1075200K
  class space    used 3854K, capacity 4029K, committed 4096K, reserved 1048576K
}
Event: 13.213 GC heap before
{Heap before GC invocations=9 (full 1):
 PSYoungGen      total 76800K, used 74334K [0x00000000e0000000, 0x00000000e7a00000, 0x0000000100000000)
  eden space 66560K, 100% used [0x00000000e0000000,0x00000000e4100000,0x00000000e4100000)
  from space 10240K, 75% used [0x00000000e4100000,0x00000000e4897a40,0x00000000e4b00000)
  to   space 10240K, 0% used [0x00000000e7000000,0x00000000e7000000,0x00000000e7a00000)
 ParOldGen       total 59904K, used 8158K [0x00000000a0000000, 0x00000000a3a80000, 0x00000000e0000000)
  object space 59904K, 13% used [0x00000000a0000000,0x00000000a07f7a00,0x00000000a3a80000)
 Metaspace       used 31587K, capacity 32170K, committed 32512K, reserved 1077248K
  class space    used 4351K, capacity 4550K, committed 4608K, reserved 1048576K
Event: 13.258 GC heap after
Heap after GC invocations=9 (full 1):
 PSYoungGen      total 113664K, used 8503K [0x00000000e0000000, 0x00000000e7a00000, 0x0000000100000000)
  eden space 103424K, 0% used [0x00000000e0000000,0x00000000e0000000,0x00000000e6500000)
  from space 10240K, 83% used [0x00000000e7000000,0x00000000e784ddf0,0x00000000e7a00000)
  to   space 10752K, 0% used [0x00000000e6500000,0x00000000e6500000,0x00000000e6f80000)
 ParOldGen       total 59904K, used 8166K [0x00000000a0000000, 0x00000000a3a80000, 0x00000000e0000000)
  object space 59904K, 13% used [0x00000000a0000000,0x00000000a07f9a00,0x00000000a3a80000)
 Metaspace       used 31587K, capacity 32170K, committed 32512K, reserved 1077248K
  class space    used 4351K, capacity 4550K, committed 4608K, reserved 1048576K
}
Event: 17.260 GC heap before
{Heap before GC invocations=10 (full 1):
 PSYoungGen      total 113664K, used 76368K [0x00000000e0000000, 0x00000000e7a00000, 0x0000000100000000)
  eden space 103424K, 65% used [0x00000000e0000000,0x00000000e4246530,0x00000000e6500000)
  from space 10240K, 83% used [0x00000000e7000000,0x00000000e784ddf0,0x00000000e7a00000)
  to   space 10752K, 0% used [0x00000000e6500000,0x00000000e6500000,0x00000000e6f80000)
 ParOldGen       total 59904K, used 8166K [0x00000000a0000000, 0x00000000a3a80000, 0x00000000e0000000)
  object space 59904K, 13% used [0x00000000a0000000,0x00000000a07f9a00,0x00000000a3a80000)
 Metaspace       used 34638K, capacity 35390K, committed 35496K, reserved 1079296K
  class space    used 4753K, capacity 5052K, committed 5120K, reserved 1048576K
Event: 17.299 GC heap after
Heap after GC invocations=10 (full 1):
 PSYoungGen      total 114176K, used 10740K [0x00000000e0000000, 0x00000000e9d80000, 0x0000000100000000)
  eden space 103424K, 0% used [0x00000000e0000000,0x00000000e0000000,0x00000000e6500000)
  from space 10752K, 99% used [0x00000000e6500000,0x00000000e6f7d0d0,0x00000000e6f80000)
  to   space 12800K, 0% used [0x00000000e9100000,0x00000000e9100000,0x00000000e9d80000)
 ParOldGen       total 59904K, used 10718K [0x00000000a0000000, 0x00000000a3a80000, 0x00000000e0000000)
  object space 59904K, 17% used [0x00000000a0000000,0x00000000a0a77ac8,0x00000000a3a80000)
 Metaspace       used 34638K, capacity 35390K, committed 35496K, reserved 1079296K
  class space    used 4753K, capacity 5052K, committed 5120K, reserved 1048576K
}
Event: 17.299 GC heap before
{Heap before GC invocations=11 (full 2):
 PSYoungGen      total 114176K, used 10740K [0x00000000e0000000, 0x00000000e9d80000, 0x0000000100000000)
  eden space 103424K, 0% used [0x00000000e0000000,0x00000000e0000000,0x00000000e6500000)
  from space 10752K, 99% used [0x00000000e6500000,0x00000000e6f7d0d0,0x00000000e6f80000)
  to   space 12800K, 0% used [0x00000000e9100000,0x00000000e9100000,0x00000000e9d80000)
 ParOldGen       total 59904K, used 10718K [0x00000000a0000000, 0x00000000a3a80000, 0x00000000e0000000)
  object space 59904K, 17% used [0x00000000a0000000,0x00000000a0a77ac8,0x00000000a3a80000)
 Metaspace       used 34638K, capacity 35390K, committed 35496K, reserved 1079296K
  class space    used 4753K, capacity 5052K, committed 5120K, reserved 1048576K
Event: 17.528 GC heap after
Heap after GC invocations=11 (full 2):
 PSYoungGen      total 114176K, used 0K [0x00000000e0000000, 0x00000000e9d80000, 0x0000000100000000)
  eden space 103424K, 0% used [0x00000000e0000000,0x00000000e0000000,0x00000000e6500000)
  from space 10752K, 0% used [0x00000000e6500000,0x00000000e6500000,0x00000000e6f80000)
  to   space 12800K, 0% used [0x00000000e9100000,0x00000000e9100000,0x00000000e9d80000)
 ParOldGen       total 96768K, used 20113K [0x00000000a0000000, 0x00000000a5e80000, 0x00000000e0000000)
  object space 96768K, 20% used [0x00000000a0000000,0x00000000a13a4648,0x00000000a5e80000)
 Metaspace       used 34638K, capacity 35390K, committed 35496K, reserved 1079296K
  class space    used 4753K, capacity 5052K, committed 5120K, reserved 1048576K
}
Event: 21.305 GC heap before
{Heap before GC invocations=12 (full 2):
 PSYoungGen      total 114176K, used 103424K [0x00000000e0000000, 0x00000000e9d80000, 0x0000000100000000)
  eden space 103424K, 100% used [0x00000000e0000000,0x00000000e6500000,0x00000000e6500000)
  from space 10752K, 0% used [0x00000000e6500000,0x00000000e6500000,0x00000000e6f80000)
  to   space 12800K, 0% used [0x00000000e9100000,0x00000000e9100000,0x00000000e9d80000)
 ParOldGen       total 96768K, used 20113K [0x00000000a0000000, 0x00000000a5e80000, 0x00000000e0000000)
  object space 96768K, 20% used [0x00000000a0000000,0x00000000a13a4648,0x00000000a5e80000)
 Metaspace       used 45137K, capacity 46098K, committed 46336K, reserved 1089536K
  class space    used 6040K, capacity 6337K, committed 6400K, reserved 1048576K
Event: 21.359 GC heap after
Heap after GC invocations=12 (full 2):
 PSYoungGen      total 144896K, used 12773K [0x00000000e0000000, 0x00000000e9f00000, 0x0000000100000000)
  eden space 132096K, 0% used [0x00000000e0000000,0x00000000e0000000,0x00000000e8100000)
  from space 12800K, 99% used [0x00000000e9100000,0x00000000e9d794d0,0x00000000e9d80000)
  to   space 15360K, 0% used [0x00000000e8100000,0x00000000e8100000,0x00000000e9000000)
 ParOldGen       total 96768K, used 22355K [0x00000000a0000000, 0x00000000a5e80000, 0x00000000e0000000)
  object space 96768K, 23% used [0x00000000a0000000,0x00000000a15d4e78,0x00000000a5e80000)
 Metaspace       used 45137K, capacity 46098K, committed 46336K, reserved 1089536K
  class space    used 6040K, capacity 6337K, committed 6400K, reserved 1048576K
}

