# JRE version: OpenJDK Runtime Environment (8.0_242-b01) (build 1.8.0_242-release-1644-b01)
# Java VM: OpenJDK 64-Bit Server VM (25.242-b01 mixed mode windows-amd64 compressed oops)
Heap:
 PSYoungGen      total 219136K, used 188203K [0x00000000e0000000, 0x00000000ef500000, 0x0000000100000000)
  eden space 197632K, 84% used [0x00000000e0000000,0x00000000ea2d04d8,0x00000000ec100000)
  from space 21504K, 99% used [0x00000000eda00000,0x00000000eeefa970,0x00000000eef00000)
  to   space 25600K, 0% used [0x00000000ec100000,0x00000000ec100000,0x00000000eda00000)
 ParOldGen       total 146432K, used 41794K [0x00000000a0000000, 0x00000000a8f00000, 0x00000000e0000000)
  object space 146432K, 28% used [0x00000000a0000000,0x00000000a28d08a8,0x00000000a8f00000)
 Metaspace       used 73911K, capacity 76542K, committed 76800K, reserved 1116160K
  class space    used 9836K, capacity 10480K, committed 10496K, reserved 1048576K
GC Heap History (10 events):
Event: 45.142 GC heap before
{Heap before GC invocations=13 (full 2):
 PSYoungGen      total 142336K, used 141893K [0x00000000e0000000, 0x00000000e9d00000, 0x0000000100000000)
  eden space 131584K, 100% used [0x00000000e0000000,0x00000000e8080000,0x00000000e8080000)
  from space 10752K, 95% used [0x00000000e9280000,0x00000000e9c915e8,0x00000000e9d00000)
  to   space 12288K, 0% used [0x00000000e8500000,0x00000000e8500000,0x00000000e9100000)
 ParOldGen       total 90112K, used 15606K [0x00000000a0000000, 0x00000000a5800000, 0x00000000e0000000)
  object space 90112K, 17% used [0x00000000a0000000,0x00000000a0f3dbd8,0x00000000a5800000)
 Metaspace       used 50628K, capacity 51914K, committed 52096K, reserved 1093632K
  class space    used 6626K, capacity 7017K, committed 7040K, reserved 1048576K
Event: 45.273 GC heap after
Heap after GC invocations=13 (full 2):
 PSYoungGen      total 148480K, used 12260K [0x00000000e0000000, 0x00000000eca00000, 0x0000000100000000)
  eden space 136192K, 0% used [0x00000000e0000000,0x00000000e0000000,0x00000000e8500000)
  from space 12288K, 99% used [0x00000000e8500000,0x00000000e90f9310,0x00000000e9100000)
  to   space 17920K, 0% used [0x00000000eb880000,0x00000000eb880000,0x00000000eca00000)
 ParOldGen       total 90112K, used 26798K [0x00000000a0000000, 0x00000000a5800000, 0x00000000e0000000)
  object space 90112K, 29% used [0x00000000a0000000,0x00000000a1a2bae0,0x00000000a5800000)
 Metaspace       used 50628K, capacity 51914K, committed 52096K, reserved 1093632K
  class space    used 6626K, capacity 7017K, committed 7040K, reserved 1048576K
}
Event: 53.681 GC heap before
{Heap before GC invocations=14 (full 2):
 PSYoungGen      total 148480K, used 144702K [0x00000000e0000000, 0x00000000eca00000, 0x0000000100000000)
  eden space 136192K, 97% used [0x00000000e0000000,0x00000000e81568b0,0x00000000e8500000)
  from space 12288K, 99% used [0x00000000e8500000,0x00000000e90f9310,0x00000000e9100000)
  to   space 17920K, 0% used [0x00000000eb880000,0x00000000eb880000,0x00000000eca00000)
 ParOldGen       total 90112K, used 26798K [0x00000000a0000000, 0x00000000a5800000, 0x00000000e0000000)
  object space 90112K, 29% used [0x00000000a0000000,0x00000000a1a2bae0,0x00000000a5800000)
 Metaspace       used 57548K, capacity 59036K, committed 59160K, reserved 1099776K
  class space    used 7572K, capacity 7997K, committed 8064K, reserved 1048576K
Event: 53.794 GC heap after
Heap after GC invocations=14 (full 2):
 PSYoungGen      total 186880K, used 17267K [0x00000000e0000000, 0x00000000ed280000, 0x0000000100000000)
  eden space 168960K, 0% used [0x00000000e0000000,0x00000000e0000000,0x00000000ea500000)
  from space 17920K, 96% used [0x00000000eb880000,0x00000000ec95cfb0,0x00000000eca00000)
  to   space 19968K, 0% used [0x00000000ea500000,0x00000000ea500000,0x00000000eb880000)
 ParOldGen       total 90112K, used 32588K [0x00000000a0000000, 0x00000000a5800000, 0x00000000e0000000)
  object space 90112K, 36% used [0x00000000a0000000,0x00000000a1fd3360,0x00000000a5800000)
 Metaspace       used 57548K, capacity 59036K, committed 59160K, reserved 1099776K
  class space    used 7572K, capacity 7997K, committed 8064K, reserved 1048576K
}
Event: 53.794 GC heap before
{Heap before GC invocations=15 (full 3):
 PSYoungGen      total 186880K, used 17267K [0x00000000e0000000, 0x00000000ed280000, 0x0000000100000000)
  eden space 168960K, 0% used [0x00000000e0000000,0x00000000e0000000,0x00000000ea500000)
  from space 17920K, 96% used [0x00000000eb880000,0x00000000ec95cfb0,0x00000000eca00000)
  to   space 19968K, 0% used [0x00000000ea500000,0x00000000ea500000,0x00000000eb880000)
 ParOldGen       total 90112K, used 32588K [0x00000000a0000000, 0x00000000a5800000, 0x00000000e0000000)
  object space 90112K, 36% used [0x00000000a0000000,0x00000000a1fd3360,0x00000000a5800000)
 Metaspace       used 57548K, capacity 59036K, committed 59160K, reserved 1099776K
  class space    used 7572K, capacity 7997K, committed 8064K, reserved 1048576K
Event: 55.193 GC heap after
Heap after GC invocations=15 (full 3):
 PSYoungGen      total 186880K, used 0K [0x00000000e0000000, 0x00000000ed280000, 0x0000000100000000)
  eden space 168960K, 0% used [0x00000000e0000000,0x00000000e0000000,0x00000000ea500000)
  from space 17920K, 0% used [0x00000000eb880000,0x00000000eb880000,0x00000000eca00000)
  to   space 19968K, 0% used [0x00000000ea500000,0x00000000ea500000,0x00000000eb880000)
 ParOldGen       total 146432K, used 39879K [0x00000000a0000000, 0x00000000a8f00000, 0x00000000e0000000)
  object space 146432K, 27% used [0x00000000a0000000,0x00000000a26f1c38,0x00000000a8f00000)
 Metaspace       used 57541K, capacity 59012K, committed 59160K, reserved 1099776K
  class space    used 7570K, capacity 7993K, committed 8064K, reserved 1048576K
}
Event: 69.551 GC heap before
{Heap before GC invocations=16 (full 3):
 PSYoungGen      total 186880K, used 168960K [0x00000000e0000000, 0x00000000ed280000, 0x0000000100000000)
  eden space 168960K, 100% used [0x00000000e0000000,0x00000000ea500000,0x00000000ea500000)
  from space 17920K, 0% used [0x00000000eb880000,0x00000000eb880000,0x00000000eca00000)
  to   space 19968K, 0% used [0x00000000ea500000,0x00000000ea500000,0x00000000eb880000)
 ParOldGen       total 146432K, used 39879K [0x00000000a0000000, 0x00000000a8f00000, 0x00000000e0000000)
  object space 146432K, 27% used [0x00000000a0000000,0x00000000a26f1c38,0x00000000a8f00000)
 Metaspace       used 67876K, capacity 70020K, committed 70144K, reserved 1110016K
  class space    used 9078K, capacity 9646K, committed 9728K, reserved 1048576K
Event: 69.664 GC heap after
Heap after GC invocations=16 (full 3):
 PSYoungGen      total 188928K, used 17618K [0x00000000e0000000, 0x00000000eef00000, 0x0000000100000000)
  eden space 168960K, 0% used [0x00000000e0000000,0x00000000e0000000,0x00000000ea500000)
  from space 19968K, 88% used [0x00000000ea500000,0x00000000eb634be0,0x00000000eb880000)
  to   space 21504K, 0% used [0x00000000eda00000,0x00000000eda00000,0x00000000eef00000)
 ParOldGen       total 146432K, used 39887K [0x00000000a0000000, 0x00000000a8f00000, 0x00000000e0000000)
  object space 146432K, 27% used [0x00000000a0000000,0x00000000a26f3c38,0x00000000a8f00000)
 Metaspace       used 67876K, capacity 70020K, committed 70144K, reserved 1110016K
  class space    used 9078K, capacity 9646K, committed 9728K, reserved 1048576K
}
Event: 79.816 GC heap before
{Heap before GC invocations=17 (full 3):
 PSYoungGen      total 188928K, used 186578K [0x00000000e0000000, 0x00000000eef00000, 0x0000000100000000)
  eden space 168960K, 100% used [0x00000000e0000000,0x00000000ea500000,0x00000000ea500000)
  from space 19968K, 88% used [0x00000000ea500000,0x00000000eb634be0,0x00000000eb880000)
  to   space 21504K, 0% used [0x00000000eda00000,0x00000000eda00000,0x00000000eef00000)
 ParOldGen       total 146432K, used 39887K [0x00000000a0000000, 0x00000000a8f00000, 0x00000000e0000000)
  object space 146432K, 27% used [0x00000000a0000000,0x00000000a26f3c38,0x00000000a8f00000)
 Metaspace       used 73376K, capacity 75876K, committed 76032K, reserved 1114112K
  class space    used 9822K, capacity 10441K, committed 10496K, reserved 1048576K
Event: 79.905 GC heap after
Heap after GC invocations=17 (full 3):
 PSYoungGen      total 219136K, used 21482K [0x00000000e0000000, 0x00000000ef500000, 0x0000000100000000)
  eden space 197632K, 0% used [0x00000000e0000000,0x00000000e0000000,0x00000000ec100000)
  from space 21504K, 99% used [0x00000000eda00000,0x00000000eeefa970,0x00000000eef00000)
  to   space 25600K, 0% used [0x00000000ec100000,0x00000000ec100000,0x00000000eda00000)
 ParOldGen       total 146432K, used 41794K [0x00000000a0000000, 0x00000000a8f00000, 0x00000000e0000000)
  object space 146432K, 28% used [0x00000000a0000000,0x00000000a28d08a8,0x00000000a8f00000)
 Metaspace       used 73376K, capacity 75876K, committed 76032K, reserved 1114112K
  class space    used 9822K, capacity 10441K, committed 10496K, reserved 1048576K
}

