# JRE version: OpenJDK Runtime Environment (8.0_242-b01) (build 1.8.0_242-release-1644-b01)
# Java VM: OpenJDK 64-Bit Server VM (25.242-b01 mixed mode windows-amd64 compressed oops)
Heap:
 PSYoungGen      total 408064K, used 408045K [0x00000000e0000000, 0x00000000ff900000, 0x0000000100000000)
  eden space 345088K, 100% used [0x00000000e0000000,0x00000000f5100000,0x00000000f5100000)
  from space 62976K, 99% used [0x00000000f5100000,0x00000000f8e7b658,0x00000000f8e80000)
  to   space 79360K, 55% used [0x00000000fab80000,0x00000000fd6ddd78,0x00000000ff900000)
 ParOldGen       total 288768K, used 138322K [0x00000000a0000000, 0x00000000b1a00000, 0x00000000e0000000)
  object space 288768K, 47% used [0x00000000a0000000,0x00000000a87148d0,0x00000000b1a00000)
 Metaspace       used 117441K, capacity 123450K, committed 123648K, reserved 1157120K
  class space    used 14947K, capacity 16052K, committed 16128K, reserved 1048576K
GC Heap History (10 events):
Event: 2739.754 GC heap after
Heap after GC invocations=39 (full 4):
 PSYoungGen      total 383488K, used 18505K [0x00000000e0000000, 0x00000000fb480000, 0x0000000100000000)
  eden space 329216K, 0% used [0x00000000e0000000,0x00000000e0000000,0x00000000f4180000)
  from space 54272K, 34% used [0x00000000f4180000,0x00000000f5392648,0x00000000f7680000)
  to   space 52224K, 0% used [0x00000000f8180000,0x00000000f8180000,0x00000000fb480000)
 ParOldGen       total 288768K, used 118296K [0x00000000a0000000, 0x00000000b1a00000, 0x00000000e0000000)
  object space 288768K, 40% used [0x00000000a0000000,0x00000000a7386050,0x00000000b1a00000)
 Metaspace       used 108926K, capacity 114546K, committed 114816K, reserved 1148928K
  class space    used 14086K, capacity 15177K, committed 15232K, reserved 1048576K
}
Event: 2808.453 GC heap before
{Heap before GC invocations=40 (full 4):
 PSYoungGen      total 383488K, used 347721K [0x00000000e0000000, 0x00000000fb480000, 0x0000000100000000)
  eden space 329216K, 100% used [0x00000000e0000000,0x00000000f4180000,0x00000000f4180000)
  from space 54272K, 34% used [0x00000000f4180000,0x00000000f5392648,0x00000000f7680000)
  to   space 52224K, 0% used [0x00000000f8180000,0x00000000f8180000,0x00000000fb480000)
 ParOldGen       total 288768K, used 118296K [0x00000000a0000000, 0x00000000b1a00000, 0x00000000e0000000)
  object space 288768K, 40% used [0x00000000a0000000,0x00000000a7386050,0x00000000b1a00000)
 Metaspace       used 109333K, capacity 115196K, committed 115456K, reserved 1148928K
  class space    used 14137K, capacity 15255K, committed 15360K, reserved 1048576K
Event: 2808.505 GC heap after
Heap after GC invocations=40 (full 4):
 PSYoungGen      total 387584K, used 27970K [0x00000000e0000000, 0x00000000faf80000, 0x0000000100000000)
  eden space 340480K, 0% used [0x00000000e0000000,0x00000000e0000000,0x00000000f4c80000)
  from space 47104K, 59% used [0x00000000f8180000,0x00000000f9cd0978,0x00000000faf80000)
  to   space 50688K, 0% used [0x00000000f4c80000,0x00000000f4c80000,0x00000000f7e00000)
 ParOldGen       total 288768K, used 118296K [0x00000000a0000000, 0x00000000b1a00000, 0x00000000e0000000)
  object space 288768K, 40% used [0x00000000a0000000,0x00000000a7386050,0x00000000b1a00000)
 Metaspace       used 109333K, capacity 115196K, committed 115456K, reserved 1148928K
  class space    used 14137K, capacity 15255K, committed 15360K, reserved 1048576K
}
Event: 2824.015 GC heap before
{Heap before GC invocations=41 (full 4):
 PSYoungGen      total 387584K, used 368450K [0x00000000e0000000, 0x00000000faf80000, 0x0000000100000000)
  eden space 340480K, 100% used [0x00000000e0000000,0x00000000f4c80000,0x00000000f4c80000)
  from space 47104K, 59% used [0x00000000f8180000,0x00000000f9cd0978,0x00000000faf80000)
  to   space 50688K, 0% used [0x00000000f4c80000,0x00000000f4c80000,0x00000000f7e00000)
 ParOldGen       total 288768K, used 118296K [0x00000000a0000000, 0x00000000b1a00000, 0x00000000e0000000)
  object space 288768K, 40% used [0x00000000a0000000,0x00000000a7386050,0x00000000b1a00000)
 Metaspace       used 109570K, capacity 115516K, committed 115712K, reserved 1148928K
  class space    used 14141K, capacity 15255K, committed 15360K, reserved 1048576K
Event: 2824.094 GC heap after
Heap after GC invocations=41 (full 4):
 PSYoungGen      total 391168K, used 45252K [0x00000000e0000000, 0x00000000fc500000, 0x0000000100000000)
  eden space 340480K, 0% used [0x00000000e0000000,0x00000000e0000000,0x00000000f4c80000)
  from space 50688K, 89% used [0x00000000f4c80000,0x00000000f78b12b0,0x00000000f7e00000)
  to   space 55808K, 0% used [0x00000000f8e80000,0x00000000f8e80000,0x00000000fc500000)
 ParOldGen       total 288768K, used 118304K [0x00000000a0000000, 0x00000000b1a00000, 0x00000000e0000000)
  object space 288768K, 40% used [0x00000000a0000000,0x00000000a7388050,0x00000000b1a00000)
 Metaspace       used 109570K, capacity 115516K, committed 115712K, reserved 1148928K
  class space    used 14141K, capacity 15255K, committed 15360K, reserved 1048576K
}
Event: 2843.849 GC heap before
{Heap before GC invocations=42 (full 4):
 PSYoungGen      total 391168K, used 385732K [0x00000000e0000000, 0x00000000fc500000, 0x0000000100000000)
  eden space 340480K, 100% used [0x00000000e0000000,0x00000000f4c80000,0x00000000f4c80000)
  from space 50688K, 89% used [0x00000000f4c80000,0x00000000f78b12b0,0x00000000f7e00000)
  to   space 55808K, 0% used [0x00000000f8e80000,0x00000000f8e80000,0x00000000fc500000)
 ParOldGen       total 288768K, used 118304K [0x00000000a0000000, 0x00000000b1a00000, 0x00000000e0000000)
  object space 288768K, 40% used [0x00000000a0000000,0x00000000a7388050,0x00000000b1a00000)
 Metaspace       used 115230K, capacity 121134K, committed 121344K, reserved 1155072K
  class space    used 14745K, capacity 15853K, committed 15872K, reserved 1048576K
Event: 2843.975 GC heap after
Heap after GC invocations=42 (full 4):
 PSYoungGen      total 400896K, used 54201K [0x00000000e0000000, 0x00000000fd400000, 0x0000000100000000)
  eden space 345088K, 0% used [0x00000000e0000000,0x00000000e0000000,0x00000000f5100000)
  from space 55808K, 97% used [0x00000000f8e80000,0x00000000fc36e440,0x00000000fc500000)
  to   space 62976K, 0% used [0x00000000f5100000,0x00000000f5100000,0x00000000f8e80000)
 ParOldGen       total 288768K, used 118312K [0x00000000a0000000, 0x00000000b1a00000, 0x00000000e0000000)
  object space 288768K, 40% used [0x00000000a0000000,0x00000000a738a050,0x00000000b1a00000)
 Metaspace       used 115230K, capacity 121134K, committed 121344K, reserved 1155072K
  class space    used 14745K, capacity 15853K, committed 15872K, reserved 1048576K
}
Event: 2870.806 GC heap before
{Heap before GC invocations=43 (full 4):
 PSYoungGen      total 400896K, used 399289K [0x00000000e0000000, 0x00000000fd400000, 0x0000000100000000)
  eden space 345088K, 100% used [0x00000000e0000000,0x00000000f5100000,0x00000000f5100000)
  from space 55808K, 97% used [0x00000000f8e80000,0x00000000fc36e440,0x00000000fc500000)
  to   space 62976K, 0% used [0x00000000f5100000,0x00000000f5100000,0x00000000f8e80000)
 ParOldGen       total 288768K, used 118312K [0x00000000a0000000, 0x00000000b1a00000, 0x00000000e0000000)
  object space 288768K, 40% used [0x00000000a0000000,0x00000000a738a050,0x00000000b1a00000)
 Metaspace       used 117183K, capacity 123258K, committed 123392K, reserved 1157120K
  class space    used 14923K, capacity 16052K, committed 16128K, reserved 1048576K
Event: 2870.968 GC heap after
Heap after GC invocations=43 (full 4):
 PSYoungGen      total 408064K, used 62957K [0x00000000e0000000, 0x00000000ff900000, 0x0000000100000000)
  eden space 345088K, 0% used [0x00000000e0000000,0x00000000e0000000,0x00000000f5100000)
  from space 62976K, 99% used [0x00000000f5100000,0x00000000f8e7b658,0x00000000f8e80000)
  to   space 79360K, 0% used [0x00000000fab80000,0x00000000fab80000,0x00000000ff900000)
 ParOldGen       total 288768K, used 138322K [0x00000000a0000000, 0x00000000b1a00000, 0x00000000e0000000)
  object space 288768K, 47% used [0x00000000a0000000,0x00000000a87148d0,0x00000000b1a00000)
 Metaspace       used 117183K, capacity 123258K, committed 123392K, reserved 1157120K
  class space    used 14923K, capacity 16052K, committed 16128K, reserved 1048576K
}
Event: 2875.497 GC heap before
{Heap before GC invocations=44 (full 4):
 PSYoungGen      total 408064K, used 408045K [0x00000000e0000000, 0x00000000ff900000, 0x0000000100000000)
  eden space 345088K, 100% used [0x00000000e0000000,0x00000000f5100000,0x00000000f5100000)
  from space 62976K, 99% used [0x00000000f5100000,0x00000000f8e7b658,0x00000000f8e80000)
  to   space 79360K, 0% used [0x00000000fab80000,0x00000000fab80000,0x00000000ff900000)
 ParOldGen       total 288768K, used 138322K [0x00000000a0000000, 0x00000000b1a00000, 0x00000000e0000000)
  object space 288768K, 47% used [0x00000000a0000000,0x00000000a87148d0,0x00000000b1a00000)
 Metaspace       used 117441K, capacity 123450K, committed 123648K, reserved 1157120K
  class space    used 14947K, capacity 16052K, committed 16128K, reserved 1048576K

