# JRE version: OpenJDK Runtime Environment (8.0_242-b01) (build 1.8.0_242-release-1644-b01)
# Java VM: OpenJDK 64-Bit Server VM (25.242-b01 mixed mode windows-amd64 compressed oops)
Heap:
 PSYoungGen      total 71680K, used 55937K [0x00000000d5600000, 0x00000000de200000, 0x0000000100000000)
  eden space 66560K, 84% used [0x00000000d5600000,0x00000000d8ca0740,0x00000000d9700000)
  from space 5120K, 0% used [0x00000000d9700000,0x00000000d9700000,0x00000000d9c00000)
  to   space 5120K, 0% used [0x00000000ddd00000,0x00000000ddd00000,0x00000000de200000)
 ParOldGen       total 65536K, used 7714K [0x0000000080200000, 0x0000000084200000, 0x00000000d5600000)
  object space 65536K, 11% used [0x0000000080200000,0x0000000080988940,0x0000000084200000)
 Metaspace       used 25595K, capacity 26020K, committed 26496K, reserved 1073152K
  class space    used 3229K, capacity 3340K, committed 3456K, reserved 1048576K
GC Heap History (8 events):
Event: 1.042 GC heap before
{Heap before GC invocations=1 (full 0):
 PSYoungGen      total 38400K, used 33280K [0x00000000d5600000, 0x00000000d8080000, 0x0000000100000000)
  eden space 33280K, 100% used [0x00000000d5600000,0x00000000d7680000,0x00000000d7680000)
  from space 5120K, 0% used [0x00000000d7b80000,0x00000000d7b80000,0x00000000d8080000)
  to   space 5120K, 0% used [0x00000000d7680000,0x00000000d7680000,0x00000000d7b80000)
 ParOldGen       total 87552K, used 0K [0x0000000080200000, 0x0000000085780000, 0x00000000d5600000)
  object space 87552K, 0% used [0x0000000080200000,0x0000000080200000,0x0000000085780000)
 Metaspace       used 9440K, capacity 10132K, committed 10368K, reserved 1058816K
  class space    used 1020K, capacity 1040K, committed 1152K, reserved 1048576K
Event: 1.054 GC heap after
Heap after GC invocations=1 (full 0):
 PSYoungGen      total 38400K, used 5115K [0x00000000d5600000, 0x00000000da100000, 0x0000000100000000)
  eden space 33280K, 0% used [0x00000000d5600000,0x00000000d5600000,0x00000000d7680000)
  from space 5120K, 99% used [0x00000000d7680000,0x00000000d7b7ec68,0x00000000d7b80000)
  to   space 5120K, 0% used [0x00000000d9c00000,0x00000000d9c00000,0x00000000da100000)
 ParOldGen       total 87552K, used 2894K [0x0000000080200000, 0x0000000085780000, 0x00000000d5600000)
  object space 87552K, 3% used [0x0000000080200000,0x00000000804d3a68,0x0000000085780000)
 Metaspace       used 9440K, capacity 10132K, committed 10368K, reserved 1058816K
  class space    used 1020K, capacity 1040K, committed 1152K, reserved 1048576K
}
Event: 1.976 GC heap before
{Heap before GC invocations=2 (full 0):
 PSYoungGen      total 38400K, used 38395K [0x00000000d5600000, 0x00000000da100000, 0x0000000100000000)
  eden space 33280K, 100% used [0x00000000d5600000,0x00000000d7680000,0x00000000d7680000)
  from space 5120K, 99% used [0x00000000d7680000,0x00000000d7b7ec68,0x00000000d7b80000)
  to   space 5120K, 0% used [0x00000000d9c00000,0x00000000d9c00000,0x00000000da100000)
 ParOldGen       total 87552K, used 2894K [0x0000000080200000, 0x0000000085780000, 0x00000000d5600000)
  object space 87552K, 3% used [0x0000000080200000,0x00000000804d3a68,0x0000000085780000)
 Metaspace       used 17531K, capacity 17918K, committed 18304K, reserved 1064960K
  class space    used 2001K, capacity 2129K, committed 2176K, reserved 1048576K
Event: 1.990 GC heap after
Heap after GC invocations=2 (full 0):
 PSYoungGen      total 71680K, used 5096K [0x00000000d5600000, 0x00000000da100000, 0x0000000100000000)
  eden space 66560K, 0% used [0x00000000d5600000,0x00000000d5600000,0x00000000d9700000)
  from space 5120K, 99% used [0x00000000d9c00000,0x00000000da0fa0a8,0x00000000da100000)
  to   space 5120K, 0% used [0x00000000d9700000,0x00000000d9700000,0x00000000d9c00000)
 ParOldGen       total 87552K, used 8173K [0x0000000080200000, 0x0000000085780000, 0x00000000d5600000)
  object space 87552K, 9% used [0x0000000080200000,0x00000000809fb760,0x0000000085780000)
 Metaspace       used 17531K, capacity 17918K, committed 18304K, reserved 1064960K
  class space    used 2001K, capacity 2129K, committed 2176K, reserved 1048576K
}
Event: 2.339 GC heap before
{Heap before GC invocations=3 (full 0):
 PSYoungGen      total 71680K, used 18754K [0x00000000d5600000, 0x00000000da100000, 0x0000000100000000)
  eden space 66560K, 20% used [0x00000000d5600000,0x00000000d6356a08,0x00000000d9700000)
  from space 5120K, 99% used [0x00000000d9c00000,0x00000000da0fa0a8,0x00000000da100000)
  to   space 5120K, 0% used [0x00000000d9700000,0x00000000d9700000,0x00000000d9c00000)
 ParOldGen       total 87552K, used 8173K [0x0000000080200000, 0x0000000085780000, 0x00000000d5600000)
  object space 87552K, 9% used [0x0000000080200000,0x00000000809fb760,0x0000000085780000)
 Metaspace       used 20695K, capacity 21014K, committed 21248K, reserved 1067008K
  class space    used 2642K, capacity 2753K, committed 2816K, reserved 1048576K
Event: 2.353 GC heap after
Heap after GC invocations=3 (full 0):
 PSYoungGen      total 71680K, used 5110K [0x00000000d5600000, 0x00000000de200000, 0x0000000100000000)
  eden space 66560K, 0% used [0x00000000d5600000,0x00000000d5600000,0x00000000d9700000)
  from space 5120K, 99% used [0x00000000d9700000,0x00000000d9bfdb28,0x00000000d9c00000)
  to   space 5120K, 0% used [0x00000000ddd00000,0x00000000ddd00000,0x00000000de200000)
 ParOldGen       total 87552K, used 10568K [0x0000000080200000, 0x0000000085780000, 0x00000000d5600000)
  object space 87552K, 12% used [0x0000000080200000,0x0000000080c521c0,0x0000000085780000)
 Metaspace       used 20695K, capacity 21014K, committed 21248K, reserved 1067008K
  class space    used 2642K, capacity 2753K, committed 2816K, reserved 1048576K
}
Event: 2.353 GC heap before
{Heap before GC invocations=4 (full 1):
 PSYoungGen      total 71680K, used 5110K [0x00000000d5600000, 0x00000000de200000, 0x0000000100000000)
  eden space 66560K, 0% used [0x00000000d5600000,0x00000000d5600000,0x00000000d9700000)
  from space 5120K, 99% used [0x00000000d9700000,0x00000000d9bfdb28,0x00000000d9c00000)
  to   space 5120K, 0% used [0x00000000ddd00000,0x00000000ddd00000,0x00000000de200000)
 ParOldGen       total 87552K, used 10568K [0x0000000080200000, 0x0000000085780000, 0x00000000d5600000)
  object space 87552K, 12% used [0x0000000080200000,0x0000000080c521c0,0x0000000085780000)
 Metaspace       used 20695K, capacity 21014K, committed 21248K, reserved 1067008K
  class space    used 2642K, capacity 2753K, committed 2816K, reserved 1048576K
Event: 2.413 GC heap after
Heap after GC invocations=4 (full 1):
 PSYoungGen      total 71680K, used 0K [0x00000000d5600000, 0x00000000de200000, 0x0000000100000000)
  eden space 66560K, 0% used [0x00000000d5600000,0x00000000d5600000,0x00000000d9700000)
  from space 5120K, 0% used [0x00000000d9700000,0x00000000d9700000,0x00000000d9c00000)
  to   space 5120K, 0% used [0x00000000ddd00000,0x00000000ddd00000,0x00000000de200000)
 ParOldGen       total 65536K, used 7714K [0x0000000080200000, 0x0000000084200000, 0x00000000d5600000)
  object space 65536K, 11% used [0x0000000080200000,0x0000000080988940,0x0000000084200000)
 Metaspace       used 20695K, capacity 21014K, committed 21248K, reserved 1067008K
  class space    used 2642K, capacity 2753K, committed 2816K, reserved 1048576K
}

