# JRE version: OpenJDK Runtime Environment (8.0_242-b01) (build 1.8.0_242-release-1644-b01)
# Java VM: OpenJDK 64-Bit Server VM (25.242-b01 mixed mode windows-amd64 compressed oops)
Heap:
 PSYoungGen      total 104960K, used 52540K [0x00000000e0000000, 0x00000000e7100000, 0x0000000100000000)
  eden space 95232K, 45% used [0x00000000e0000000,0x00000000e2a92288,0x00000000e5d00000)
  from space 9728K, 91% used [0x00000000e6780000,0x00000000e703cd78,0x00000000e7100000)
  to   space 10240K, 0% used [0x00000000e5d00000,0x00000000e5d00000,0x00000000e6700000)
 ParOldGen       total 92160K, used 18335K [0x00000000a0000000, 0x00000000a5a00000, 0x00000000e0000000)
  object space 92160K, 19% used [0x00000000a0000000,0x00000000a11e7d10,0x00000000a5a00000)
 Metaspace       used 45984K, capacity 46858K, committed 47232K, reserved 1089536K
  class space    used 6139K, capacity 6439K, committed 6528K, reserved 1048576K
GC Heap History (10 events):
Event: 32.330 GC heap before
{Heap before GC invocations=10 (full 1):
 PSYoungGen      total 60416K, used 57589K [0x00000000e0000000, 0x00000000e4580000, 0x0000000100000000)
  eden space 51712K, 100% used [0x00000000e0000000,0x00000000e3280000,0x00000000e3280000)
  from space 8704K, 67% used [0x00000000e3d00000,0x00000000e42bd490,0x00000000e4580000)
  to   space 9728K, 0% used [0x00000000e3280000,0x00000000e3280000,0x00000000e3c00000)
 ParOldGen       total 60928K, used 7580K [0x00000000a0000000, 0x00000000a3b80000, 0x00000000e0000000)
  object space 60928K, 12% used [0x00000000a0000000,0x00000000a0767258,0x00000000a3b80000)
 Metaspace       used 30688K, capacity 31188K, committed 31616K, reserved 1077248K
  class space    used 4212K, capacity 4395K, committed 4480K, reserved 1048576K
Event: 32.392 GC heap after
Heap after GC invocations=10 (full 1):
 PSYoungGen      total 61440K, used 7404K [0x00000000e0000000, 0x00000000e5780000, 0x0000000100000000)
  eden space 51712K, 0% used [0x00000000e0000000,0x00000000e0000000,0x00000000e3280000)
  from space 9728K, 76% used [0x00000000e3280000,0x00000000e39bb1a0,0x00000000e3c00000)
  to   space 9728K, 0% used [0x00000000e4e00000,0x00000000e4e00000,0x00000000e5780000)
 ParOldGen       total 60928K, used 7588K [0x00000000a0000000, 0x00000000a3b80000, 0x00000000e0000000)
  object space 60928K, 12% used [0x00000000a0000000,0x00000000a0769258,0x00000000a3b80000)
 Metaspace       used 30688K, capacity 31188K, committed 31616K, reserved 1077248K
  class space    used 4212K, capacity 4395K, committed 4480K, reserved 1048576K
}
Event: 34.559 GC heap before
{Heap before GC invocations=11 (full 1):
 PSYoungGen      total 61440K, used 59116K [0x00000000e0000000, 0x00000000e5780000, 0x0000000100000000)
  eden space 51712K, 100% used [0x00000000e0000000,0x00000000e3280000,0x00000000e3280000)
  from space 9728K, 76% used [0x00000000e3280000,0x00000000e39bb1a0,0x00000000e3c00000)
  to   space 9728K, 0% used [0x00000000e4e00000,0x00000000e4e00000,0x00000000e5780000)
 ParOldGen       total 60928K, used 7588K [0x00000000a0000000, 0x00000000a3b80000, 0x00000000e0000000)
  object space 60928K, 12% used [0x00000000a0000000,0x00000000a0769258,0x00000000a3b80000)
 Metaspace       used 33399K, capacity 33990K, committed 34304K, reserved 1079296K
  class space    used 4581K, capacity 4802K, committed 4864K, reserved 1048576K
Event: 34.610 GC heap after
Heap after GC invocations=11 (full 1):
 PSYoungGen      total 79872K, used 6787K [0x00000000e0000000, 0x00000000e5800000, 0x0000000100000000)
  eden space 70144K, 0% used [0x00000000e0000000,0x00000000e0000000,0x00000000e4480000)
  from space 9728K, 69% used [0x00000000e4e00000,0x00000000e54a0f70,0x00000000e5780000)
  to   space 9728K, 0% used [0x00000000e4480000,0x00000000e4480000,0x00000000e4e00000)
 ParOldGen       total 60928K, used 10776K [0x00000000a0000000, 0x00000000a3b80000, 0x00000000e0000000)
  object space 60928K, 17% used [0x00000000a0000000,0x00000000a0a86278,0x00000000a3b80000)
 Metaspace       used 33399K, capacity 33990K, committed 34304K, reserved 1079296K
  class space    used 4581K, capacity 4802K, committed 4864K, reserved 1048576K
}
Event: 36.592 GC heap before
{Heap before GC invocations=12 (full 1):
 PSYoungGen      total 79872K, used 34271K [0x00000000e0000000, 0x00000000e5800000, 0x0000000100000000)
  eden space 70144K, 39% used [0x00000000e0000000,0x00000000e1ad6cd0,0x00000000e4480000)
  from space 9728K, 69% used [0x00000000e4e00000,0x00000000e54a0f70,0x00000000e5780000)
  to   space 9728K, 0% used [0x00000000e4480000,0x00000000e4480000,0x00000000e4e00000)
 ParOldGen       total 60928K, used 10776K [0x00000000a0000000, 0x00000000a3b80000, 0x00000000e0000000)
  object space 60928K, 17% used [0x00000000a0000000,0x00000000a0a86278,0x00000000a3b80000)
 Metaspace       used 34435K, capacity 35152K, committed 35416K, reserved 1079296K
  class space    used 4717K, capacity 4993K, committed 5120K, reserved 1048576K
Event: 36.633 GC heap after
Heap after GC invocations=12 (full 1):
 PSYoungGen      total 79872K, used 4348K [0x00000000e0000000, 0x00000000e7100000, 0x0000000100000000)
  eden space 70144K, 0% used [0x00000000e0000000,0x00000000e0000000,0x00000000e4480000)
  from space 9728K, 44% used [0x00000000e4480000,0x00000000e48bf1d0,0x00000000e4e00000)
  to   space 9728K, 0% used [0x00000000e6780000,0x00000000e6780000,0x00000000e7100000)
 ParOldGen       total 60928K, used 14996K [0x00000000a0000000, 0x00000000a3b80000, 0x00000000e0000000)
  object space 60928K, 24% used [0x00000000a0000000,0x00000000a0ea5288,0x00000000a3b80000)
 Metaspace       used 34435K, capacity 35152K, committed 35416K, reserved 1079296K
  class space    used 4717K, capacity 4993K, committed 5120K, reserved 1048576K
}
Event: 36.633 GC heap before
{Heap before GC invocations=13 (full 2):
 PSYoungGen      total 79872K, used 4348K [0x00000000e0000000, 0x00000000e7100000, 0x0000000100000000)
  eden space 70144K, 0% used [0x00000000e0000000,0x00000000e0000000,0x00000000e4480000)
  from space 9728K, 44% used [0x00000000e4480000,0x00000000e48bf1d0,0x00000000e4e00000)
  to   space 9728K, 0% used [0x00000000e6780000,0x00000000e6780000,0x00000000e7100000)
 ParOldGen       total 60928K, used 14996K [0x00000000a0000000, 0x00000000a3b80000, 0x00000000e0000000)
  object space 60928K, 24% used [0x00000000a0000000,0x00000000a0ea5288,0x00000000a3b80000)
 Metaspace       used 34435K, capacity 35152K, committed 35416K, reserved 1079296K
  class space    used 4717K, capacity 4993K, committed 5120K, reserved 1048576K
Event: 36.836 GC heap after
Heap after GC invocations=13 (full 2):
 PSYoungGen      total 79872K, used 0K [0x00000000e0000000, 0x00000000e7100000, 0x0000000100000000)
  eden space 70144K, 0% used [0x00000000e0000000,0x00000000e0000000,0x00000000e4480000)
  from space 9728K, 0% used [0x00000000e4480000,0x00000000e4480000,0x00000000e4e00000)
  to   space 9728K, 0% used [0x00000000e6780000,0x00000000e6780000,0x00000000e7100000)
 ParOldGen       total 92160K, used 18327K [0x00000000a0000000, 0x00000000a5a00000, 0x00000000e0000000)
  object space 92160K, 19% used [0x00000000a0000000,0x00000000a11e5d10,0x00000000a5a00000)
 Metaspace       used 34435K, capacity 35152K, committed 35416K, reserved 1079296K
  class space    used 4717K, capacity 4993K, committed 5120K, reserved 1048576K
}
Event: 38.428 GC heap before
{Heap before GC invocations=14 (full 2):
 PSYoungGen      total 79872K, used 70144K [0x00000000e0000000, 0x00000000e7100000, 0x0000000100000000)
  eden space 70144K, 100% used [0x00000000e0000000,0x00000000e4480000,0x00000000e4480000)
  from space 9728K, 0% used [0x00000000e4480000,0x00000000e4480000,0x00000000e4e00000)
  to   space 9728K, 0% used [0x00000000e6780000,0x00000000e6780000,0x00000000e7100000)
 ParOldGen       total 92160K, used 18327K [0x00000000a0000000, 0x00000000a5a00000, 0x00000000e0000000)
  object space 92160K, 19% used [0x00000000a0000000,0x00000000a11e5d10,0x00000000a5a00000)
 Metaspace       used 42121K, capacity 42884K, committed 43136K, reserved 1087488K
  class space    used 5701K, capacity 5960K, committed 6016K, reserved 1048576K
Event: 38.453 GC heap after
Heap after GC invocations=14 (full 2):
 PSYoungGen      total 104960K, used 8947K [0x00000000e0000000, 0x00000000e7100000, 0x0000000100000000)
  eden space 95232K, 0% used [0x00000000e0000000,0x00000000e0000000,0x00000000e5d00000)
  from space 9728K, 91% used [0x00000000e6780000,0x00000000e703cd78,0x00000000e7100000)
  to   space 10240K, 0% used [0x00000000e5d00000,0x00000000e5d00000,0x00000000e6700000)
 ParOldGen       total 92160K, used 18335K [0x00000000a0000000, 0x00000000a5a00000, 0x00000000e0000000)
  object space 92160K, 19% used [0x00000000a0000000,0x00000000a11e7d10,0x00000000a5a00000)
 Metaspace       used 42121K, capacity 42884K, committed 43136K, reserved 1087488K
  class space    used 5701K, capacity 5960K, committed 6016K, reserved 1048576K
}

