# JRE version: OpenJDK Runtime Environment (8.0_242-b01) (build 1.8.0_242-release-1644-b01)
# Java VM: OpenJDK 64-Bit Server VM (25.242-b01 mixed mode windows-amd64 compressed oops)
Heap:
 PSYoungGen      total 287744K, used 69609K [0x00000000e0000000, 0x00000000fa300000, 0x0000000100000000)
  eden space 218112K, 0% used [0x00000000e0000000,0x00000000e0000000,0x00000000ed500000)
  from space 69632K, 99% used [0x00000000f2e80000,0x00000000f727a740,0x00000000f7280000)
  to   space 91648K, 0% used [0x00000000ed500000,0x00000000ed500000,0x00000000f2e80000)
 ParOldGen       total 148992K, used 140356K [0x00000000a0000000, 0x00000000a9180000, 0x00000000e0000000)
  object space 148992K, 94% used [0x00000000a0000000,0x00000000a8911018,0x00000000a9180000)
 Metaspace       used 91557K, capacity 95412K, committed 95488K, reserved 1132544K
  class space    used 11884K, capacity 12754K, committed 12800K, reserved 1048576K
GC Heap History (10 events):
Event: 194.961 GC heap after
Heap after GC invocations=29 (full 3):
 PSYoungGen      total 248320K, used 31901K [0x00000000e0000000, 0x00000000f2c80000, 0x0000000100000000)
  eden space 193024K, 0% used [0x00000000e0000000,0x00000000e0000000,0x00000000ebc80000)
  from space 55296K, 57% used [0x00000000ef680000,0x00000000f15a7520,0x00000000f2c80000)
  to   space 57344K, 0% used [0x00000000ebc80000,0x00000000ebc80000,0x00000000ef480000)
 ParOldGen       total 148992K, used 109745K [0x00000000a0000000, 0x00000000a9180000, 0x00000000e0000000)
  object space 148992K, 73% used [0x00000000a0000000,0x00000000a6b2c418,0x00000000a9180000)
 Metaspace       used 89543K, capacity 93226K, committed 93440K, reserved 1130496K
  class space    used 11634K, capacity 12501K, committed 12544K, reserved 1048576K
}
Event: 200.007 GC heap before
{Heap before GC invocations=30 (full 3):
 PSYoungGen      total 248320K, used 224925K [0x00000000e0000000, 0x00000000f2c80000, 0x0000000100000000)
  eden space 193024K, 100% used [0x00000000e0000000,0x00000000ebc80000,0x00000000ebc80000)
  from space 55296K, 57% used [0x00000000ef680000,0x00000000f15a7520,0x00000000f2c80000)
  to   space 57344K, 0% used [0x00000000ebc80000,0x00000000ebc80000,0x00000000ef480000)
 ParOldGen       total 148992K, used 109745K [0x00000000a0000000, 0x00000000a9180000, 0x00000000e0000000)
  object space 148992K, 73% used [0x00000000a0000000,0x00000000a6b2c418,0x00000000a9180000)
 Metaspace       used 91151K, capacity 94944K, committed 95232K, reserved 1132544K
  class space    used 11828K, capacity 12692K, committed 12800K, reserved 1048576K
Event: 200.074 GC heap after
Heap after GC invocations=30 (full 3):
 PSYoungGen      total 250368K, used 47045K [0x00000000e0000000, 0x00000000f4a00000, 0x0000000100000000)
  eden space 193024K, 0% used [0x00000000e0000000,0x00000000e0000000,0x00000000ebc80000)
  from space 57344K, 82% used [0x00000000ebc80000,0x00000000eea71518,0x00000000ef480000)
  to   space 62464K, 0% used [0x00000000f0d00000,0x00000000f0d00000,0x00000000f4a00000)
 ParOldGen       total 148992K, used 109753K [0x00000000a0000000, 0x00000000a9180000, 0x00000000e0000000)
  object space 148992K, 73% used [0x00000000a0000000,0x00000000a6b2e418,0x00000000a9180000)
 Metaspace       used 91151K, capacity 94944K, committed 95232K, reserved 1132544K
  class space    used 11828K, capacity 12692K, committed 12800K, reserved 1048576K
}
Event: 201.920 GC heap before
{Heap before GC invocations=31 (full 3):
 PSYoungGen      total 250368K, used 236740K [0x00000000e0000000, 0x00000000f4a00000, 0x0000000100000000)
  eden space 193024K, 98% used [0x00000000e0000000,0x00000000eb93fbf8,0x00000000ebc80000)
  from space 57344K, 82% used [0x00000000ebc80000,0x00000000eea71518,0x00000000ef480000)
  to   space 62464K, 0% used [0x00000000f0d00000,0x00000000f0d00000,0x00000000f4a00000)
 ParOldGen       total 148992K, used 109753K [0x00000000a0000000, 0x00000000a9180000, 0x00000000e0000000)
  object space 148992K, 73% used [0x00000000a0000000,0x00000000a6b2e418,0x00000000a9180000)
 Metaspace       used 91396K, capacity 95218K, committed 95488K, reserved 1132544K
  class space    used 11872K, capacity 12753K, committed 12800K, reserved 1048576K
Event: 201.993 GC heap after
Heap after GC invocations=31 (full 3):
 PSYoungGen      total 271360K, used 47117K [0x00000000e0000000, 0x00000000f5700000, 0x0000000100000000)
  eden space 208896K, 0% used [0x00000000e0000000,0x00000000e0000000,0x00000000ecc00000)
  from space 62464K, 75% used [0x00000000f0d00000,0x00000000f3b034e0,0x00000000f4a00000)
  to   space 66560K, 0% used [0x00000000ecc00000,0x00000000ecc00000,0x00000000f0d00000)
 ParOldGen       total 148992K, used 109761K [0x00000000a0000000, 0x00000000a9180000, 0x00000000e0000000)
  object space 148992K, 73% used [0x00000000a0000000,0x00000000a6b30418,0x00000000a9180000)
 Metaspace       used 91396K, capacity 95218K, committed 95488K, reserved 1132544K
  class space    used 11872K, capacity 12753K, committed 12800K, reserved 1048576K
}
Event: 203.299 GC heap before
{Heap before GC invocations=32 (full 3):
 PSYoungGen      total 271360K, used 255903K [0x00000000e0000000, 0x00000000f5700000, 0x0000000100000000)
  eden space 208896K, 99% used [0x00000000e0000000,0x00000000ecbe4a78,0x00000000ecc00000)
  from space 62464K, 75% used [0x00000000f0d00000,0x00000000f3b034e0,0x00000000f4a00000)
  to   space 66560K, 0% used [0x00000000ecc00000,0x00000000ecc00000,0x00000000f0d00000)
 ParOldGen       total 148992K, used 109761K [0x00000000a0000000, 0x00000000a9180000, 0x00000000e0000000)
  object space 148992K, 73% used [0x00000000a0000000,0x00000000a6b30418,0x00000000a9180000)
 Metaspace       used 91420K, capacity 95282K, committed 95488K, reserved 1132544K
  class space    used 11873K, capacity 12753K, committed 12800K, reserved 1048576K
Event: 203.356 GC heap after
Heap after GC invocations=32 (full 3):
 PSYoungGen      total 275456K, used 45980K [0x00000000e0000000, 0x00000000f7280000, 0x0000000100000000)
  eden space 208896K, 0% used [0x00000000e0000000,0x00000000e0000000,0x00000000ecc00000)
  from space 66560K, 69% used [0x00000000ecc00000,0x00000000ef8e7200,0x00000000f0d00000)
  to   space 69632K, 0% used [0x00000000f2e80000,0x00000000f2e80000,0x00000000f7280000)
 ParOldGen       total 148992K, used 109761K [0x00000000a0000000, 0x00000000a9180000, 0x00000000e0000000)
  object space 148992K, 73% used [0x00000000a0000000,0x00000000a6b30418,0x00000000a9180000)
 Metaspace       used 91420K, capacity 95282K, committed 95488K, reserved 1132544K
  class space    used 11873K, capacity 12753K, committed 12800K, reserved 1048576K
}
Event: 204.482 GC heap before
{Heap before GC invocations=33 (full 3):
 PSYoungGen      total 275456K, used 254876K [0x00000000e0000000, 0x00000000f7280000, 0x0000000100000000)
  eden space 208896K, 100% used [0x00000000e0000000,0x00000000ecc00000,0x00000000ecc00000)
  from space 66560K, 69% used [0x00000000ecc00000,0x00000000ef8e7200,0x00000000f0d00000)
  to   space 69632K, 0% used [0x00000000f2e80000,0x00000000f2e80000,0x00000000f7280000)
 ParOldGen       total 148992K, used 109761K [0x00000000a0000000, 0x00000000a9180000, 0x00000000e0000000)
  object space 148992K, 73% used [0x00000000a0000000,0x00000000a6b30418,0x00000000a9180000)
 Metaspace       used 91557K, capacity 95412K, committed 95488K, reserved 1132544K
  class space    used 11884K, capacity 12754K, committed 12800K, reserved 1048576K
Event: 204.562 GC heap after
Heap after GC invocations=33 (full 3):
 PSYoungGen      total 287744K, used 69609K [0x00000000e0000000, 0x00000000fa300000, 0x0000000100000000)
  eden space 218112K, 0% used [0x00000000e0000000,0x00000000e0000000,0x00000000ed500000)
  from space 69632K, 99% used [0x00000000f2e80000,0x00000000f727a740,0x00000000f7280000)
  to   space 91648K, 0% used [0x00000000ed500000,0x00000000ed500000,0x00000000f2e80000)
 ParOldGen       total 148992K, used 140356K [0x00000000a0000000, 0x00000000a9180000, 0x00000000e0000000)
  object space 148992K, 94% used [0x00000000a0000000,0x00000000a8911018,0x00000000a9180000)
 Metaspace       used 91557K, capacity 95412K, committed 95488K, reserved 1132544K
  class space    used 11884K, capacity 12754K, committed 12800K, reserved 1048576K
}
Event: 204.562 GC heap before
{Heap before GC invocations=34 (full 4):
 PSYoungGen      total 287744K, used 69609K [0x00000000e0000000, 0x00000000fa300000, 0x0000000100000000)
  eden space 218112K, 0% used [0x00000000e0000000,0x00000000e0000000,0x00000000ed500000)
  from space 69632K, 99% used [0x00000000f2e80000,0x00000000f727a740,0x00000000f7280000)
  to   space 91648K, 0% used [0x00000000ed500000,0x00000000ed500000,0x00000000f2e80000)
 ParOldGen       total 148992K, used 140356K [0x00000000a0000000, 0x00000000a9180000, 0x00000000e0000000)
  object space 148992K, 94% used [0x00000000a0000000,0x00000000a8911018,0x00000000a9180000)
 Metaspace       used 91557K, capacity 95412K, committed 95488K, reserved 1132544K
  class space    used 11884K, capacity 12754K, committed 12800K, reserved 1048576K

