# JRE version: OpenJDK Runtime Environment (8.0_242-b01) (build 1.8.0_242-release-1644-b01)
# Java VM: OpenJDK 64-Bit Server VM (25.242-b01 mixed mode windows-amd64 compressed oops)
Heap:
 PSYoungGen      total 105984K, used 18703K [0x00000000e0000000, 0x00000000e9c80000, 0x0000000100000000)
  eden space 82432K, 0% used [0x00000000e0000000,0x00000000e0000000,0x00000000e5080000)
  from space 23552K, 79% used [0x00000000e5080000,0x00000000e62c3f28,0x00000000e6780000)
  to   space 25088K, 0% used [0x00000000e8400000,0x00000000e8400000,0x00000000e9c80000)
 ParOldGen       total 117760K, used 27680K [0x00000000a0000000, 0x00000000a7300000, 0x00000000e0000000)
  object space 117760K, 23% used [0x00000000a0000000,0x00000000a1b083a0,0x00000000a7300000)
 Metaspace       used 57331K, capacity 58996K, committed 59136K, reserved 1099776K
  class space    used 7563K, capacity 8074K, committed 8192K, reserved 1048576K
GC Heap History (10 events):
Event: 67.525 GC heap after
Heap after GC invocations=15 (full 2):
 PSYoungGen      total 70656K, used 11233K [0x00000000e0000000, 0x00000000e5f00000, 0x0000000100000000)
  eden space 59392K, 0% used [0x00000000e0000000,0x00000000e0000000,0x00000000e3a00000)
  from space 11264K, 99% used [0x00000000e3a00000,0x00000000e44f8750,0x00000000e4500000)
  to   space 13312K, 0% used [0x00000000e5200000,0x00000000e5200000,0x00000000e5f00000)
 ParOldGen       total 117760K, used 18986K [0x00000000a0000000, 0x00000000a7300000, 0x00000000e0000000)
  object space 117760K, 16% used [0x00000000a0000000,0x00000000a128a9a8,0x00000000a7300000)
 Metaspace       used 45744K, capacity 46986K, committed 47232K, reserved 1089536K
  class space    used 6090K, capacity 6436K, committed 6528K, reserved 1048576K
}
Event: 71.232 GC heap before
{Heap before GC invocations=16 (full 2):
 PSYoungGen      total 70656K, used 70625K [0x00000000e0000000, 0x00000000e5f00000, 0x0000000100000000)
  eden space 59392K, 100% used [0x00000000e0000000,0x00000000e3a00000,0x00000000e3a00000)
  from space 11264K, 99% used [0x00000000e3a00000,0x00000000e44f8750,0x00000000e4500000)
  to   space 13312K, 0% used [0x00000000e5200000,0x00000000e5200000,0x00000000e5f00000)
 ParOldGen       total 117760K, used 18986K [0x00000000a0000000, 0x00000000a7300000, 0x00000000e0000000)
  object space 117760K, 16% used [0x00000000a0000000,0x00000000a128a9a8,0x00000000a7300000)
 Metaspace       used 49768K, capacity 51182K, committed 51328K, reserved 1093632K
  class space    used 6563K, capacity 6995K, committed 7040K, reserved 1048576K
Event: 71.281 GC heap after
Heap after GC invocations=16 (full 2):
 PSYoungGen      total 80384K, used 13308K [0x00000000e0000000, 0x00000000e6700000, 0x0000000100000000)
  eden space 67072K, 0% used [0x00000000e0000000,0x00000000e0000000,0x00000000e4180000)
  from space 13312K, 99% used [0x00000000e5200000,0x00000000e5eff320,0x00000000e5f00000)
  to   space 16896K, 0% used [0x00000000e4180000,0x00000000e4180000,0x00000000e5200000)
 ParOldGen       total 117760K, used 23707K [0x00000000a0000000, 0x00000000a7300000, 0x00000000e0000000)
  object space 117760K, 20% used [0x00000000a0000000,0x00000000a1726d68,0x00000000a7300000)
 Metaspace       used 49768K, capacity 51182K, committed 51328K, reserved 1093632K
  class space    used 6563K, capacity 6995K, committed 7040K, reserved 1048576K
}
Event: 73.176 GC heap before
{Heap before GC invocations=17 (full 2):
 PSYoungGen      total 80384K, used 80380K [0x00000000e0000000, 0x00000000e6700000, 0x0000000100000000)
  eden space 67072K, 100% used [0x00000000e0000000,0x00000000e4180000,0x00000000e4180000)
  from space 13312K, 99% used [0x00000000e5200000,0x00000000e5eff320,0x00000000e5f00000)
  to   space 16896K, 0% used [0x00000000e4180000,0x00000000e4180000,0x00000000e5200000)
 ParOldGen       total 117760K, used 23707K [0x00000000a0000000, 0x00000000a7300000, 0x00000000e0000000)
  object space 117760K, 20% used [0x00000000a0000000,0x00000000a1726d68,0x00000000a7300000)
 Metaspace       used 51148K, capacity 52682K, committed 52864K, reserved 1095680K
  class space    used 6759K, capacity 7263K, committed 7296K, reserved 1048576K
Event: 73.253 GC heap after
Heap after GC invocations=17 (full 2):
 PSYoungGen      total 83968K, used 16876K [0x00000000e0000000, 0x00000000e7b00000, 0x0000000100000000)
  eden space 67072K, 0% used [0x00000000e0000000,0x00000000e0000000,0x00000000e4180000)
  from space 16896K, 99% used [0x00000000e4180000,0x00000000e51fb330,0x00000000e5200000)
  to   space 19968K, 0% used [0x00000000e6780000,0x00000000e6780000,0x00000000e7b00000)
 ParOldGen       total 117760K, used 25738K [0x00000000a0000000, 0x00000000a7300000, 0x00000000e0000000)
  object space 117760K, 21% used [0x00000000a0000000,0x00000000a19229f8,0x00000000a7300000)
 Metaspace       used 51148K, capacity 52682K, committed 52864K, reserved 1095680K
  class space    used 6759K, capacity 7263K, committed 7296K, reserved 1048576K
}
Event: 76.460 GC heap before
{Heap before GC invocations=18 (full 2):
 PSYoungGen      total 83968K, used 83948K [0x00000000e0000000, 0x00000000e7b00000, 0x0000000100000000)
  eden space 67072K, 100% used [0x00000000e0000000,0x00000000e4180000,0x00000000e4180000)
  from space 16896K, 99% used [0x00000000e4180000,0x00000000e51fb330,0x00000000e5200000)
  to   space 19968K, 0% used [0x00000000e6780000,0x00000000e6780000,0x00000000e7b00000)
 ParOldGen       total 117760K, used 25738K [0x00000000a0000000, 0x00000000a7300000, 0x00000000e0000000)
  object space 117760K, 21% used [0x00000000a0000000,0x00000000a19229f8,0x00000000a7300000)
 Metaspace       used 57164K, capacity 58868K, committed 59136K, reserved 1099776K
  class space    used 7557K, capacity 8074K, committed 8192K, reserved 1048576K
Event: 76.517 GC heap after
Heap after GC invocations=18 (full 2):
 PSYoungGen      total 102400K, used 19945K [0x00000000e0000000, 0x00000000e8200000, 0x0000000100000000)
  eden space 82432K, 0% used [0x00000000e0000000,0x00000000e0000000,0x00000000e5080000)
  from space 19968K, 99% used [0x00000000e6780000,0x00000000e7afa538,0x00000000e7b00000)
  to   space 23552K, 0% used [0x00000000e5080000,0x00000000e5080000,0x00000000e6780000)
 ParOldGen       total 117760K, used 27672K [0x00000000a0000000, 0x00000000a7300000, 0x00000000e0000000)
  object space 117760K, 23% used [0x00000000a0000000,0x00000000a1b063a0,0x00000000a7300000)
 Metaspace       used 57164K, capacity 58868K, committed 59136K, reserved 1099776K
  class space    used 7557K, capacity 8074K, committed 8192K, reserved 1048576K
}
Event: 76.614 GC heap before
{Heap before GC invocations=19 (full 2):
 PSYoungGen      total 102400K, used 23229K [0x00000000e0000000, 0x00000000e8200000, 0x0000000100000000)
  eden space 82432K, 3% used [0x00000000e0000000,0x00000000e03351b8,0x00000000e5080000)
  from space 19968K, 99% used [0x00000000e6780000,0x00000000e7afa538,0x00000000e7b00000)
  to   space 23552K, 0% used [0x00000000e5080000,0x00000000e5080000,0x00000000e6780000)
 ParOldGen       total 117760K, used 27672K [0x00000000a0000000, 0x00000000a7300000, 0x00000000e0000000)
  object space 117760K, 23% used [0x00000000a0000000,0x00000000a1b063a0,0x00000000a7300000)
 Metaspace       used 57331K, capacity 58996K, committed 59136K, reserved 1099776K
  class space    used 7563K, capacity 8074K, committed 8192K, reserved 1048576K
Event: 76.660 GC heap after
Heap after GC invocations=19 (full 2):
 PSYoungGen      total 105984K, used 18703K [0x00000000e0000000, 0x00000000e9c80000, 0x0000000100000000)
  eden space 82432K, 0% used [0x00000000e0000000,0x00000000e0000000,0x00000000e5080000)
  from space 23552K, 79% used [0x00000000e5080000,0x00000000e62c3f28,0x00000000e6780000)
  to   space 25088K, 0% used [0x00000000e8400000,0x00000000e8400000,0x00000000e9c80000)
 ParOldGen       total 117760K, used 27680K [0x00000000a0000000, 0x00000000a7300000, 0x00000000e0000000)
  object space 117760K, 23% used [0x00000000a0000000,0x00000000a1b083a0,0x00000000a7300000)
 Metaspace       used 57331K, capacity 58996K, committed 59136K, reserved 1099776K
  class space    used 7563K, capacity 8074K, committed 8192K, reserved 1048576K
}
Event: 76.661 GC heap before
{Heap before GC invocations=20 (full 3):
 PSYoungGen      total 105984K, used 18703K [0x00000000e0000000, 0x00000000e9c80000, 0x0000000100000000)
  eden space 82432K, 0% used [0x00000000e0000000,0x00000000e0000000,0x00000000e5080000)
  from space 23552K, 79% used [0x00000000e5080000,0x00000000e62c3f28,0x00000000e6780000)
  to   space 25088K, 0% used [0x00000000e8400000,0x00000000e8400000,0x00000000e9c80000)
 ParOldGen       total 117760K, used 27680K [0x00000000a0000000, 0x00000000a7300000, 0x00000000e0000000)
  object space 117760K, 23% used [0x00000000a0000000,0x00000000a1b083a0,0x00000000a7300000)
 Metaspace       used 57331K, capacity 58996K, committed 59136K, reserved 1099776K
  class space    used 7563K, capacity 8074K, committed 8192K, reserved 1048576K

