# JRE version: OpenJDK Runtime Environment (8.0_242-b01) (build 1.8.0_242-release-1644-b01)
# Java VM: OpenJDK 64-Bit Server VM (25.242-b01 mixed mode windows-amd64 compressed oops)
Heap:
 PSYoungGen      total 430592K, used 83454K [0x00000000e0000000, 0x0000000100000000, 0x0000000100000000)
  eden space 347136K, 0% used [0x00000000e0000000,0x00000000e0000000,0x00000000f5300000)
  from space 83456K, 99% used [0x00000000f5300000,0x00000000fa47fbf0,0x00000000fa480000)
  to   space 93696K, 0% used [0x00000000fa480000,0x00000000fa480000,0x0000000100000000)
 ParOldGen       total 223744K, used 211567K [0x00000000a0000000, 0x00000000ada80000, 0x00000000e0000000)
  object space 223744K, 94% used [0x00000000a0000000,0x00000000ace9be70,0x00000000ada80000)
 Metaspace       used 101908K, capacity 105174K, committed 107776K, reserved 1142784K
  class space    used 12928K, capacity 13597K, committed 14080K, reserved 1048576K
GC Heap History (10 events):
Event: 9447.073 GC heap after
Heap after GC invocations=25 (full 4):
 PSYoungGen      total 342528K, used 38881K [0x00000000e0000000, 0x00000000fa080000, 0x0000000100000000)
  eden space 303616K, 0% used [0x00000000e0000000,0x00000000e0000000,0x00000000f2880000)
  from space 38912K, 99% used [0x00000000f2880000,0x00000000f4e78638,0x00000000f4e80000)
  to   space 48128K, 0% used [0x00000000f7180000,0x00000000f7180000,0x00000000fa080000)
 ParOldGen       total 223744K, used 97989K [0x00000000a0000000, 0x00000000ada80000, 0x00000000e0000000)
  object space 223744K, 43% used [0x00000000a0000000,0x00000000a5fb1460,0x00000000ada80000)
 Metaspace       used 99912K, capacity 103176K, committed 105856K, reserved 1140736K
  class space    used 12777K, capacity 13461K, committed 13952K, reserved 1048576K
}
Event: 9449.995 GC heap before
{Heap before GC invocations=26 (full 4):
 PSYoungGen      total 342528K, used 342497K [0x00000000e0000000, 0x00000000fa080000, 0x0000000100000000)
  eden space 303616K, 100% used [0x00000000e0000000,0x00000000f2880000,0x00000000f2880000)
  from space 38912K, 99% used [0x00000000f2880000,0x00000000f4e78638,0x00000000f4e80000)
  to   space 48128K, 0% used [0x00000000f7180000,0x00000000f7180000,0x00000000fa080000)
 ParOldGen       total 223744K, used 97989K [0x00000000a0000000, 0x00000000ada80000, 0x00000000e0000000)
  object space 223744K, 43% used [0x00000000a0000000,0x00000000a5fb1460,0x00000000ada80000)
 Metaspace       used 100279K, capacity 103594K, committed 106240K, reserved 1140736K
  class space    used 12802K, capacity 13494K, committed 14080K, reserved 1048576K
Event: 9450.144 GC heap after
Heap after GC invocations=26 (full 4):
 PSYoungGen      total 360448K, used 48104K [0x00000000e0000000, 0x00000000fda00000, 0x0000000100000000)
  eden space 312320K, 0% used [0x00000000e0000000,0x00000000e0000000,0x00000000f3100000)
  from space 48128K, 99% used [0x00000000f7180000,0x00000000fa07a210,0x00000000fa080000)
  to   space 66048K, 0% used [0x00000000f3100000,0x00000000f3100000,0x00000000f7180000)
 ParOldGen       total 223744K, used 125775K [0x00000000a0000000, 0x00000000ada80000, 0x00000000e0000000)
  object space 223744K, 56% used [0x00000000a0000000,0x00000000a7ad3c28,0x00000000ada80000)
 Metaspace       used 100279K, capacity 103594K, committed 106240K, reserved 1140736K
  class space    used 12802K, capacity 13494K, committed 14080K, reserved 1048576K
}
Event: 9457.628 GC heap before
{Heap before GC invocations=27 (full 4):
 PSYoungGen      total 360448K, used 360424K [0x00000000e0000000, 0x00000000fda00000, 0x0000000100000000)
  eden space 312320K, 100% used [0x00000000e0000000,0x00000000f3100000,0x00000000f3100000)
  from space 48128K, 99% used [0x00000000f7180000,0x00000000fa07a210,0x00000000fa080000)
  to   space 66048K, 0% used [0x00000000f3100000,0x00000000f3100000,0x00000000f7180000)
 ParOldGen       total 223744K, used 125775K [0x00000000a0000000, 0x00000000ada80000, 0x00000000e0000000)
  object space 223744K, 56% used [0x00000000a0000000,0x00000000a7ad3c28,0x00000000ada80000)
 Metaspace       used 101754K, capacity 105046K, committed 107776K, reserved 1142784K
  class space    used 12926K, capacity 13597K, committed 14080K, reserved 1048576K
Event: 9457.791 GC heap after
Heap after GC invocations=27 (full 4):
 PSYoungGen      total 378368K, used 37140K [0x00000000e0000000, 0x00000000fe500000, 0x0000000100000000)
  eden space 312320K, 0% used [0x00000000e0000000,0x00000000e0000000,0x00000000f3100000)
  from space 66048K, 56% used [0x00000000f3100000,0x00000000f55451e8,0x00000000f7180000)
  to   space 66048K, 0% used [0x00000000fa480000,0x00000000fa480000,0x00000000fe500000)
 ParOldGen       total 223744K, used 155000K [0x00000000a0000000, 0x00000000ada80000, 0x00000000e0000000)
  object space 223744K, 69% used [0x00000000a0000000,0x00000000a975e0d8,0x00000000ada80000)
 Metaspace       used 101754K, capacity 105046K, committed 107776K, reserved 1142784K
  class space    used 12926K, capacity 13597K, committed 14080K, reserved 1048576K
}
Event: 9460.931 GC heap before
{Heap before GC invocations=28 (full 4):
 PSYoungGen      total 378368K, used 349460K [0x00000000e0000000, 0x00000000fe500000, 0x0000000100000000)
  eden space 312320K, 100% used [0x00000000e0000000,0x00000000f3100000,0x00000000f3100000)
  from space 66048K, 56% used [0x00000000f3100000,0x00000000f55451e8,0x00000000f7180000)
  to   space 66048K, 0% used [0x00000000fa480000,0x00000000fa480000,0x00000000fe500000)
 ParOldGen       total 223744K, used 155000K [0x00000000a0000000, 0x00000000ada80000, 0x00000000e0000000)
  object space 223744K, 69% used [0x00000000a0000000,0x00000000a975e0d8,0x00000000ada80000)
 Metaspace       used 101857K, capacity 105174K, committed 107776K, reserved 1142784K
  class space    used 12928K, capacity 13597K, committed 14080K, reserved 1048576K
Event: 9461.072 GC heap after
Heap after GC invocations=28 (full 4):
 PSYoungGen      total 413184K, used 66045K [0x00000000e0000000, 0x0000000100000000, 0x0000000100000000)
  eden space 347136K, 0% used [0x00000000e0000000,0x00000000e0000000,0x00000000f5300000)
  from space 66048K, 99% used [0x00000000fa480000,0x00000000fe4ff400,0x00000000fe500000)
  to   space 83456K, 0% used [0x00000000f5300000,0x00000000f5300000,0x00000000fa480000)
 ParOldGen       total 223744K, used 173785K [0x00000000a0000000, 0x00000000ada80000, 0x00000000e0000000)
  object space 223744K, 77% used [0x00000000a0000000,0x00000000aa9b6498,0x00000000ada80000)
 Metaspace       used 101857K, capacity 105174K, committed 107776K, reserved 1142784K
  class space    used 12928K, capacity 13597K, committed 14080K, reserved 1048576K
}
Event: 9463.338 GC heap before
{Heap before GC invocations=29 (full 4):
 PSYoungGen      total 413184K, used 413181K [0x00000000e0000000, 0x0000000100000000, 0x0000000100000000)
  eden space 347136K, 100% used [0x00000000e0000000,0x00000000f5300000,0x00000000f5300000)
  from space 66048K, 99% used [0x00000000fa480000,0x00000000fe4ff400,0x00000000fe500000)
  to   space 83456K, 0% used [0x00000000f5300000,0x00000000f5300000,0x00000000fa480000)
 ParOldGen       total 223744K, used 173785K [0x00000000a0000000, 0x00000000ada80000, 0x00000000e0000000)
  object space 223744K, 77% used [0x00000000a0000000,0x00000000aa9b6498,0x00000000ada80000)
 Metaspace       used 101908K, capacity 105174K, committed 107776K, reserved 1142784K
  class space    used 12928K, capacity 13597K, committed 14080K, reserved 1048576K
Event: 9463.589 GC heap after
Heap after GC invocations=29 (full 4):
 PSYoungGen      total 430592K, used 83454K [0x00000000e0000000, 0x0000000100000000, 0x0000000100000000)
  eden space 347136K, 0% used [0x00000000e0000000,0x00000000e0000000,0x00000000f5300000)
  from space 83456K, 99% used [0x00000000f5300000,0x00000000fa47fbf0,0x00000000fa480000)
  to   space 93696K, 0% used [0x00000000fa480000,0x00000000fa480000,0x0000000100000000)
 ParOldGen       total 223744K, used 211567K [0x00000000a0000000, 0x00000000ada80000, 0x00000000e0000000)
  object space 223744K, 94% used [0x00000000a0000000,0x00000000ace9be70,0x00000000ada80000)
 Metaspace       used 101908K, capacity 105174K, committed 107776K, reserved 1142784K
  class space    used 12928K, capacity 13597K, committed 14080K, reserved 1048576K
}
Event: 9463.589 GC heap before
{Heap before GC invocations=30 (full 5):
 PSYoungGen      total 430592K, used 83454K [0x00000000e0000000, 0x0000000100000000, 0x0000000100000000)
  eden space 347136K, 0% used [0x00000000e0000000,0x00000000e0000000,0x00000000f5300000)
  from space 83456K, 99% used [0x00000000f5300000,0x00000000fa47fbf0,0x00000000fa480000)
  to   space 93696K, 0% used [0x00000000fa480000,0x00000000fa480000,0x0000000100000000)
 ParOldGen       total 223744K, used 211567K [0x00000000a0000000, 0x00000000ada80000, 0x00000000e0000000)
  object space 223744K, 94% used [0x00000000a0000000,0x00000000ace9be70,0x00000000ada80000)
 Metaspace       used 101908K, capacity 105174K, committed 107776K, reserved 1142784K
  class space    used 12928K, capacity 13597K, committed 14080K, reserved 1048576K

