# JRE version: OpenJDK Runtime Environment (8.0_242-b01) (build 1.8.0_242-release-1644-b01)
# Java VM: OpenJDK 64-Bit Server VM (25.242-b01 mixed mode windows-amd64 compressed oops)
Heap:
 PSYoungGen      total 189952K, used 14728K [0x00000000e0000000, 0x00000000ed080000, 0x0000000100000000)
  eden space 169984K, 8% used [0x00000000e0000000,0x00000000e0e62350,0x00000000ea600000)
  from space 19968K, 0% used [0x00000000eb880000,0x00000000eb880000,0x00000000ecc00000)
  to   space 18944K, 0% used [0x00000000ea600000,0x00000000ea600000,0x00000000eb880000)
 ParOldGen       total 145920K, used 40977K [0x00000000a0000000, 0x00000000a8e80000, 0x00000000e0000000)
  object space 145920K, 28% used [0x00000000a0000000,0x00000000a2804658,0x00000000a8e80000)
 Metaspace       used 58085K, capacity 59828K, committed 60032K, reserved 1101824K
  class space    used 7801K, capacity 8283K, committed 8320K, reserved 1048576K
GC Heap History (10 events):
Event: 32.963 GC heap before
{Heap before GC invocations=11 (full 2):
 PSYoungGen      total 116224K, used 11259K [0x00000000e0000000, 0x00000000ea380000, 0x0000000100000000)
  eden space 104960K, 0% used [0x00000000e0000000,0x00000000e0000000,0x00000000e6680000)
  from space 11264K, 99% used [0x00000000e6680000,0x00000000e717edc0,0x00000000e7180000)
  to   space 12800K, 0% used [0x00000000e9700000,0x00000000e9700000,0x00000000ea380000)
 ParOldGen       total 58880K, used 9307K [0x00000000a0000000, 0x00000000a3980000, 0x00000000e0000000)
  object space 58880K, 15% used [0x00000000a0000000,0x00000000a0916c38,0x00000000a3980000)
 Metaspace       used 34563K, capacity 35446K, committed 35496K, reserved 1079296K
  class space    used 4777K, capacity 5072K, committed 5120K, reserved 1048576K
Event: 33.657 GC heap after
Heap after GC invocations=11 (full 2):
 PSYoungGen      total 116224K, used 0K [0x00000000e0000000, 0x00000000ea380000, 0x0000000100000000)
  eden space 104960K, 0% used [0x00000000e0000000,0x00000000e0000000,0x00000000e6680000)
  from space 11264K, 0% used [0x00000000e6680000,0x00000000e6680000,0x00000000e7180000)
  to   space 12800K, 0% used [0x00000000e9700000,0x00000000e9700000,0x00000000ea380000)
 ParOldGen       total 95232K, used 18835K [0x00000000a0000000, 0x00000000a5d00000, 0x00000000e0000000)
  object space 95232K, 19% used [0x00000000a0000000,0x00000000a1264ed8,0x00000000a5d00000)
 Metaspace       used 34563K, capacity 35446K, committed 35496K, reserved 1079296K
  class space    used 4777K, capacity 5072K, committed 5120K, reserved 1048576K
}
Event: 45.453 GC heap before
{Heap before GC invocations=12 (full 2):
 PSYoungGen      total 116224K, used 104960K [0x00000000e0000000, 0x00000000ea380000, 0x0000000100000000)
  eden space 104960K, 100% used [0x00000000e0000000,0x00000000e6680000,0x00000000e6680000)
  from space 11264K, 0% used [0x00000000e6680000,0x00000000e6680000,0x00000000e7180000)
  to   space 12800K, 0% used [0x00000000e9700000,0x00000000e9700000,0x00000000ea380000)
 ParOldGen       total 95232K, used 18835K [0x00000000a0000000, 0x00000000a5d00000, 0x00000000e0000000)
  object space 95232K, 19% used [0x00000000a0000000,0x00000000a1264ed8,0x00000000a5d00000)
 Metaspace       used 43287K, capacity 44458K, committed 44672K, reserved 1087488K
  class space    used 5880K, capacity 6254K, committed 6272K, reserved 1048576K
Event: 45.506 GC heap after
Heap after GC invocations=12 (full 2):
 PSYoungGen      total 141824K, used 12768K [0x00000000e0000000, 0x00000000ea380000, 0x0000000100000000)
  eden space 129024K, 0% used [0x00000000e0000000,0x00000000e0000000,0x00000000e7e00000)
  from space 12800K, 99% used [0x00000000e9700000,0x00000000ea3780f8,0x00000000ea380000)
  to   space 14848K, 0% used [0x00000000e8680000,0x00000000e8680000,0x00000000e9500000)
 ParOldGen       total 95232K, used 20402K [0x00000000a0000000, 0x00000000a5d00000, 0x00000000e0000000)
  object space 95232K, 21% used [0x00000000a0000000,0x00000000a13ec8f8,0x00000000a5d00000)
 Metaspace       used 43287K, capacity 44458K, committed 44672K, reserved 1087488K
  class space    used 5880K, capacity 6254K, committed 6272K, reserved 1048576K
}
Event: 63.199 GC heap before
{Heap before GC invocations=13 (full 2):
 PSYoungGen      total 141824K, used 141792K [0x00000000e0000000, 0x00000000ea380000, 0x0000000100000000)
  eden space 129024K, 100% used [0x00000000e0000000,0x00000000e7e00000,0x00000000e7e00000)
  from space 12800K, 99% used [0x00000000e9700000,0x00000000ea3780f8,0x00000000ea380000)
  to   space 14848K, 0% used [0x00000000e8680000,0x00000000e8680000,0x00000000e9500000)
 ParOldGen       total 95232K, used 20402K [0x00000000a0000000, 0x00000000a5d00000, 0x00000000e0000000)
  object space 95232K, 21% used [0x00000000a0000000,0x00000000a13ec8f8,0x00000000a5d00000)
 Metaspace       used 48972K, capacity 50476K, committed 50560K, reserved 1093632K
  class space    used 6594K, capacity 7009K, committed 7040K, reserved 1048576K
Event: 64.162 GC heap after
Heap after GC invocations=13 (full 2):
 PSYoungGen      total 152576K, used 14844K [0x00000000e0000000, 0x00000000ecc00000, 0x0000000100000000)
  eden space 137728K, 0% used [0x00000000e0000000,0x00000000e0000000,0x00000000e8680000)
  from space 14848K, 99% used [0x00000000e8680000,0x00000000e94ff368,0x00000000e9500000)
  to   space 19968K, 0% used [0x00000000eb880000,0x00000000eb880000,0x00000000ecc00000)
 ParOldGen       total 95232K, used 29268K [0x00000000a0000000, 0x00000000a5d00000, 0x00000000e0000000)
  object space 95232K, 30% used [0x00000000a0000000,0x00000000a1c95140,0x00000000a5d00000)
 Metaspace       used 48972K, capacity 50476K, committed 50560K, reserved 1093632K
  class space    used 6594K, capacity 7009K, committed 7040K, reserved 1048576K
}
Event: 81.510 GC heap before
{Heap before GC invocations=14 (full 2):
 PSYoungGen      total 152576K, used 102646K [0x00000000e0000000, 0x00000000ecc00000, 0x0000000100000000)
  eden space 137728K, 63% used [0x00000000e0000000,0x00000000e55be4a8,0x00000000e8680000)
  from space 14848K, 99% used [0x00000000e8680000,0x00000000e94ff368,0x00000000e9500000)
  to   space 19968K, 0% used [0x00000000eb880000,0x00000000eb880000,0x00000000ecc00000)
 ParOldGen       total 95232K, used 29268K [0x00000000a0000000, 0x00000000a5d00000, 0x00000000e0000000)
  object space 95232K, 30% used [0x00000000a0000000,0x00000000a1c95140,0x00000000a5d00000)
 Metaspace       used 57349K, capacity 59078K, committed 59136K, reserved 1099776K
  class space    used 7698K, capacity 8158K, committed 8192K, reserved 1048576K
Event: 81.563 GC heap after
Heap after GC invocations=14 (full 2):
 PSYoungGen      total 189952K, used 7675K [0x00000000e0000000, 0x00000000ed080000, 0x0000000100000000)
  eden space 169984K, 0% used [0x00000000e0000000,0x00000000e0000000,0x00000000ea600000)
  from space 19968K, 38% used [0x00000000eb880000,0x00000000ebffef60,0x00000000ecc00000)
  to   space 18944K, 0% used [0x00000000ea600000,0x00000000ea600000,0x00000000eb880000)
 ParOldGen       total 95232K, used 39166K [0x00000000a0000000, 0x00000000a5d00000, 0x00000000e0000000)
  object space 95232K, 41% used [0x00000000a0000000,0x00000000a263f9c0,0x00000000a5d00000)
 Metaspace       used 57349K, capacity 59078K, committed 59136K, reserved 1099776K
  class space    used 7698K, capacity 8158K, committed 8192K, reserved 1048576K
}
Event: 81.564 GC heap before
{Heap before GC invocations=15 (full 3):
 PSYoungGen      total 189952K, used 7675K [0x00000000e0000000, 0x00000000ed080000, 0x0000000100000000)
  eden space 169984K, 0% used [0x00000000e0000000,0x00000000e0000000,0x00000000ea600000)
  from space 19968K, 38% used [0x00000000eb880000,0x00000000ebffef60,0x00000000ecc00000)
  to   space 18944K, 0% used [0x00000000ea600000,0x00000000ea600000,0x00000000eb880000)
 ParOldGen       total 95232K, used 39166K [0x00000000a0000000, 0x00000000a5d00000, 0x00000000e0000000)
  object space 95232K, 41% used [0x00000000a0000000,0x00000000a263f9c0,0x00000000a5d00000)
 Metaspace       used 57349K, capacity 59078K, committed 59136K, reserved 1099776K
  class space    used 7698K, capacity 8158K, committed 8192K, reserved 1048576K
Event: 82.401 GC heap after
Heap after GC invocations=15 (full 3):
 PSYoungGen      total 189952K, used 0K [0x00000000e0000000, 0x00000000ed080000, 0x0000000100000000)
  eden space 169984K, 0% used [0x00000000e0000000,0x00000000e0000000,0x00000000ea600000)
  from space 19968K, 0% used [0x00000000eb880000,0x00000000eb880000,0x00000000ecc00000)
  to   space 18944K, 0% used [0x00000000ea600000,0x00000000ea600000,0x00000000eb880000)
 ParOldGen       total 145920K, used 40977K [0x00000000a0000000, 0x00000000a8e80000, 0x00000000e0000000)
  object space 145920K, 28% used [0x00000000a0000000,0x00000000a2804658,0x00000000a8e80000)
 Metaspace       used 57344K, capacity 59060K, committed 59136K, reserved 1099776K
  class space    used 7696K, capacity 8155K, committed 8192K, reserved 1048576K
}

