# JRE version: OpenJDK Runtime Environment (8.0_242-b01) (build 1.8.0_242-release-1644-b01)
# Java VM: OpenJDK 64-Bit Server VM (25.242-b01 mixed mode windows-amd64 compressed oops)
Heap:
 PSYoungGen      total 349696K, used 144346K [0x00000000e0000000, 0x0000000100000000, 0x0000000100000000)
  eden space 175104K, 82% used [0x00000000e0000000,0x00000000e8cde868,0x00000000eab00000)
  from space 174592K, 0% used [0x00000000f5580000,0x00000000f5598000,0x0000000100000000)
  to   space 174592K, 0% used [0x00000000eab00000,0x00000000eab00000,0x00000000f5580000)
 ParOldGen       total 543232K, used 369416K [0x00000000a0000000, 0x00000000c1280000, 0x00000000e0000000)
  object space 543232K, 68% used [0x00000000a0000000,0x00000000b68c2048,0x00000000c1280000)
 Metaspace       used 122927K, capacity 131314K, committed 134272K, reserved 1167360K
  class space    used 15134K, capacity 16585K, committed 17024K, reserved 1048576K
GC Heap History (10 events):
Event: 17639.756 GC heap before
{Heap before GC invocations=179 (full 10):
 PSYoungGen      total 349696K, used 227091K [0x00000000e0000000, 0x0000000100000000, 0x0000000100000000)
  eden space 175104K, 100% used [0x00000000e0000000,0x00000000eab00000,0x00000000eab00000)
  from space 174592K, 29% used [0x00000000f5580000,0x00000000f8844cd0,0x0000000100000000)
  to   space 174592K, 0% used [0x00000000eab00000,0x00000000eab00000,0x00000000f5580000)
 ParOldGen       total 396288K, used 288728K [0x00000000a0000000, 0x00000000b8300000, 0x00000000e0000000)
  object space 396288K, 72% used [0x00000000a0000000,0x00000000b19f60e0,0x00000000b8300000)
 Metaspace       used 122915K, capacity 131314K, committed 134272K, reserved 1167360K
  class space    used 15134K, capacity 16585K, committed 17024K, reserved 1048576K
Event: 17639.784 GC heap after
Heap after GC invocations=179 (full 10):
 PSYoungGen      total 349696K, used 15174K [0x00000000e0000000, 0x0000000100000000, 0x0000000100000000)
  eden space 175104K, 0% used [0x00000000e0000000,0x00000000e0000000,0x00000000eab00000)
  from space 174592K, 8% used [0x00000000eab00000,0x00000000eb9d1a38,0x00000000f5580000)
  to   space 174592K, 0% used [0x00000000f5580000,0x00000000f5580000,0x0000000100000000)
 ParOldGen       total 396288K, used 313590K [0x00000000a0000000, 0x00000000b8300000, 0x00000000e0000000)
  object space 396288K, 79% used [0x00000000a0000000,0x00000000b323da20,0x00000000b8300000)
 Metaspace       used 122915K, capacity 131314K, committed 134272K, reserved 1167360K
  class space    used 15134K, capacity 16585K, committed 17024K, reserved 1048576K
}
Event: 17648.857 GC heap before
{Heap before GC invocations=180 (full 11):
 PSYoungGen      total 349696K, used 190278K [0x00000000e0000000, 0x0000000100000000, 0x0000000100000000)
  eden space 175104K, 100% used [0x00000000e0000000,0x00000000eab00000,0x00000000eab00000)
  from space 174592K, 8% used [0x00000000eab00000,0x00000000eb9d1a38,0x00000000f5580000)
  to   space 174592K, 0% used [0x00000000f5580000,0x00000000f5580000,0x0000000100000000)
 ParOldGen       total 396288K, used 330560K [0x00000000a0000000, 0x00000000b8300000, 0x00000000e0000000)
  object space 396288K, 83% used [0x00000000a0000000,0x00000000b42d00c0,0x00000000b8300000)
 Metaspace       used 122916K, capacity 131314K, committed 134272K, reserved 1167360K
  class space    used 15134K, capacity 16585K, committed 17024K, reserved 1048576K
Event: 17649.841 GC heap after
Heap after GC invocations=180 (full 11):
 PSYoungGen      total 349696K, used 0K [0x00000000e0000000, 0x0000000100000000, 0x0000000100000000)
  eden space 175104K, 0% used [0x00000000e0000000,0x00000000e0000000,0x00000000eab00000)
  from space 174592K, 0% used [0x00000000eab00000,0x00000000eab00000,0x00000000f5580000)
  to   space 174592K, 0% used [0x00000000f5580000,0x00000000f5580000,0x0000000100000000)
 ParOldGen       total 543232K, used 291218K [0x00000000a0000000, 0x00000000c1280000, 0x00000000e0000000)
  object space 543232K, 53% used [0x00000000a0000000,0x00000000b1c64808,0x00000000c1280000)
 Metaspace       used 122916K, capacity 131314K, committed 134272K, reserved 1167360K
  class space    used 15134K, capacity 16585K, committed 17024K, reserved 1048576K
}
Event: 17654.638 GC heap before
{Heap before GC invocations=181 (full 11):
 PSYoungGen      total 349696K, used 175104K [0x00000000e0000000, 0x0000000100000000, 0x0000000100000000)
  eden space 175104K, 100% used [0x00000000e0000000,0x00000000eab00000,0x00000000eab00000)
  from space 174592K, 0% used [0x00000000eab00000,0x00000000eab00000,0x00000000f5580000)
  to   space 174592K, 0% used [0x00000000f5580000,0x00000000f5580000,0x0000000100000000)
 ParOldGen       total 543232K, used 355730K [0x00000000a0000000, 0x00000000c1280000, 0x00000000e0000000)
  object space 543232K, 65% used [0x00000000a0000000,0x00000000b5b64bf8,0x00000000c1280000)
 Metaspace       used 122921K, capacity 131314K, committed 134272K, reserved 1167360K
  class space    used 15134K, capacity 16585K, committed 17024K, reserved 1048576K
Event: 17654.660 GC heap after
Heap after GC invocations=181 (full 11):
 PSYoungGen      total 349696K, used 26272K [0x00000000e0000000, 0x0000000100000000, 0x0000000100000000)
  eden space 175104K, 0% used [0x00000000e0000000,0x00000000e0000000,0x00000000eab00000)
  from space 174592K, 15% used [0x00000000f5580000,0x00000000f6f283b0,0x0000000100000000)
  to   space 174592K, 0% used [0x00000000eab00000,0x00000000eab00000,0x00000000f5580000)
 ParOldGen       total 543232K, used 355730K [0x00000000a0000000, 0x00000000c1280000, 0x00000000e0000000)
  object space 543232K, 65% used [0x00000000a0000000,0x00000000b5b64bf8,0x00000000c1280000)
 Metaspace       used 122921K, capacity 131314K, committed 134272K, reserved 1167360K
  class space    used 15134K, capacity 16585K, committed 17024K, reserved 1048576K
}
Event: 17654.952 GC heap before
{Heap before GC invocations=182 (full 11):
 PSYoungGen      total 349696K, used 200741K [0x00000000e0000000, 0x0000000100000000, 0x0000000100000000)
  eden space 175104K, 99% used [0x00000000e0000000,0x00000000eaa610f0,0x00000000eab00000)
  from space 174592K, 15% used [0x00000000f5580000,0x00000000f6f283b0,0x0000000100000000)
  to   space 174592K, 0% used [0x00000000eab00000,0x00000000eab00000,0x00000000f5580000)
 ParOldGen       total 543232K, used 355730K [0x00000000a0000000, 0x00000000c1280000, 0x00000000e0000000)
  object space 543232K, 65% used [0x00000000a0000000,0x00000000b5b64bf8,0x00000000c1280000)
 Metaspace       used 122927K, capacity 131314K, committed 134272K, reserved 1167360K
  class space    used 15134K, capacity 16585K, committed 17024K, reserved 1048576K
Event: 17654.967 GC heap after
Heap after GC invocations=182 (full 11):
 PSYoungGen      total 349696K, used 96K [0x00000000e0000000, 0x0000000100000000, 0x0000000100000000)
  eden space 175104K, 0% used [0x00000000e0000000,0x00000000e0000000,0x00000000eab00000)
  from space 174592K, 0% used [0x00000000eab00000,0x00000000eab18000,0x00000000f5580000)
  to   space 174592K, 0% used [0x00000000f5580000,0x00000000f5580000,0x0000000100000000)
 ParOldGen       total 543232K, used 369384K [0x00000000a0000000, 0x00000000c1280000, 0x00000000e0000000)
  object space 543232K, 67% used [0x00000000a0000000,0x00000000b68ba048,0x00000000c1280000)
 Metaspace       used 122927K, capacity 131314K, committed 134272K, reserved 1167360K
  class space    used 15134K, capacity 16585K, committed 17024K, reserved 1048576K
}
Event: 17655.230 GC heap before
{Heap before GC invocations=183 (full 11):
 PSYoungGen      total 349696K, used 174766K [0x00000000e0000000, 0x0000000100000000, 0x0000000100000000)
  eden space 175104K, 99% used [0x00000000e0000000,0x00000000eaa938b0,0x00000000eab00000)
  from space 174592K, 0% used [0x00000000eab00000,0x00000000eab18000,0x00000000f5580000)
  to   space 174592K, 0% used [0x00000000f5580000,0x00000000f5580000,0x0000000100000000)
 ParOldGen       total 543232K, used 369384K [0x00000000a0000000, 0x00000000c1280000, 0x00000000e0000000)
  object space 543232K, 67% used [0x00000000a0000000,0x00000000b68ba048,0x00000000c1280000)
 Metaspace       used 122927K, capacity 131314K, committed 134272K, reserved 1167360K
  class space    used 15134K, capacity 16585K, committed 17024K, reserved 1048576K
Event: 17655.240 GC heap after
Heap after GC invocations=183 (full 11):
 PSYoungGen      total 349696K, used 96K [0x00000000e0000000, 0x0000000100000000, 0x0000000100000000)
  eden space 175104K, 0% used [0x00000000e0000000,0x00000000e0000000,0x00000000eab00000)
  from space 174592K, 0% used [0x00000000f5580000,0x00000000f5598000,0x0000000100000000)
  to   space 174592K, 0% used [0x00000000eab00000,0x00000000eab00000,0x00000000f5580000)
 ParOldGen       total 543232K, used 369416K [0x00000000a0000000, 0x00000000c1280000, 0x00000000e0000000)
  object space 543232K, 68% used [0x00000000a0000000,0x00000000b68c2048,0x00000000c1280000)
 Metaspace       used 122927K, capacity 131314K, committed 134272K, reserved 1167360K
  class space    used 15134K, capacity 16585K, committed 17024K, reserved 1048576K
}

