# JRE version: OpenJDK Runtime Environment (8.0_242-b01) (build 1.8.0_242-release-1644-b01)
# Java VM: OpenJDK 64-Bit Server VM (25.242-b01 mixed mode windows-amd64 compressed oops)
Heap:
 PSYoungGen      total 289280K, used 75247K [0x00000000e0000000, 0x0000000100000000, 0x0000000100000000)
  eden space 214016K, 0% used [0x00000000e0000000,0x00000000e0000000,0x00000000ed100000)
  from space 75264K, 99% used [0x00000000fb680000,0x00000000ffffbd28,0x0000000100000000)
  to   space 155136K, 0% used [0x00000000ed100000,0x00000000ed100000,0x00000000f6880000)
 ParOldGen       total 309760K, used 309728K [0x00000000a0000000, 0x00000000b2e80000, 0x00000000e0000000)
  object space 309760K, 99% used [0x00000000a0000000,0x00000000b2e781b8,0x00000000b2e80000)
 Metaspace       used 96356K, capacity 99720K, committed 100992K, reserved 1136640K
  class space    used 12163K, capacity 12868K, committed 13184K, reserved 1048576K
GC Heap History (10 events):
Event: 3774.269 GC heap after
Heap after GC invocations=23 (full 4):
 PSYoungGen      total 397312K, used 38390K [0x00000000e0000000, 0x0000000100000000, 0x0000000100000000)
  eden space 358912K, 0% used [0x00000000e0000000,0x00000000e0000000,0x00000000f5e80000)
  from space 38400K, 99% used [0x00000000f5e80000,0x00000000f83fd808,0x00000000f8400000)
  to   space 64512K, 0% used [0x00000000fc100000,0x00000000fc100000,0x0000000100000000)
 ParOldGen       total 140800K, used 134764K [0x00000000a0000000, 0x00000000a8980000, 0x00000000e0000000)
  object space 140800K, 95% used [0x00000000a0000000,0x00000000a839b388,0x00000000a8980000)
 Metaspace       used 92419K, capacity 95492K, committed 97024K, reserved 1134592K
  class space    used 11782K, capacity 12455K, committed 12800K, reserved 1048576K
}
Event: 3774.269 GC heap before
{Heap before GC invocations=24 (full 5):
 PSYoungGen      total 397312K, used 38390K [0x00000000e0000000, 0x0000000100000000, 0x0000000100000000)
  eden space 358912K, 0% used [0x00000000e0000000,0x00000000e0000000,0x00000000f5e80000)
  from space 38400K, 99% used [0x00000000f5e80000,0x00000000f83fd808,0x00000000f8400000)
  to   space 64512K, 0% used [0x00000000fc100000,0x00000000fc100000,0x0000000100000000)
 ParOldGen       total 140800K, used 134764K [0x00000000a0000000, 0x00000000a8980000, 0x00000000e0000000)
  object space 140800K, 95% used [0x00000000a0000000,0x00000000a839b388,0x00000000a8980000)
 Metaspace       used 92419K, capacity 95492K, committed 97024K, reserved 1134592K
  class space    used 11782K, capacity 12455K, committed 12800K, reserved 1048576K
Event: 3775.941 GC heap after
Heap after GC invocations=24 (full 5):
 PSYoungGen      total 397312K, used 25277K [0x00000000e0000000, 0x0000000100000000, 0x0000000100000000)
  eden space 358912K, 0% used [0x00000000e0000000,0x00000000e0000000,0x00000000f5e80000)
  from space 38400K, 65% used [0x00000000f5e80000,0x00000000f772f428,0x00000000f8400000)
  to   space 64512K, 0% used [0x00000000fc100000,0x00000000fc100000,0x0000000100000000)
 ParOldGen       total 303104K, used 140349K [0x00000000a0000000, 0x00000000b2800000, 0x00000000e0000000)
  object space 303104K, 46% used [0x00000000a0000000,0x00000000a890f670,0x00000000b2800000)
 Metaspace       used 92419K, capacity 95492K, committed 97024K, reserved 1134592K
  class space    used 11782K, capacity 12455K, committed 12800K, reserved 1048576K
}
Event: 3780.659 GC heap before
{Heap before GC invocations=25 (full 5):
 PSYoungGen      total 397312K, used 384189K [0x00000000e0000000, 0x0000000100000000, 0x0000000100000000)
  eden space 358912K, 100% used [0x00000000e0000000,0x00000000f5e80000,0x00000000f5e80000)
  from space 38400K, 65% used [0x00000000f5e80000,0x00000000f772f428,0x00000000f8400000)
  to   space 64512K, 0% used [0x00000000fc100000,0x00000000fc100000,0x0000000100000000)
 ParOldGen       total 303104K, used 140349K [0x00000000a0000000, 0x00000000b2800000, 0x00000000e0000000)
  object space 303104K, 46% used [0x00000000a0000000,0x00000000a890f670,0x00000000b2800000)
 Metaspace       used 95516K, capacity 98676K, committed 100224K, reserved 1136640K
  class space    used 12062K, capacity 12760K, committed 13184K, reserved 1048576K
Event: 3780.839 GC heap after
Heap after GC invocations=25 (full 5):
 PSYoungGen      total 438272K, used 64506K [0x00000000e0000000, 0x0000000100000000, 0x0000000100000000)
  eden space 373760K, 0% used [0x00000000e0000000,0x00000000e0000000,0x00000000f6d00000)
  from space 64512K, 99% used [0x00000000fc100000,0x00000000ffffebe0,0x0000000100000000)
  to   space 75264K, 0% used [0x00000000f6d00000,0x00000000f6d00000,0x00000000fb680000)
 ParOldGen       total 303104K, used 141672K [0x00000000a0000000, 0x00000000b2800000, 0x00000000e0000000)
  object space 303104K, 46% used [0x00000000a0000000,0x00000000a8a5a040,0x00000000b2800000)
 Metaspace       used 95516K, capacity 98676K, committed 100224K, reserved 1136640K
  class space    used 12062K, capacity 12760K, committed 13184K, reserved 1048576K
}
Event: 3783.560 GC heap before
{Heap before GC invocations=26 (full 5):
 PSYoungGen      total 438272K, used 438266K [0x00000000e0000000, 0x0000000100000000, 0x0000000100000000)
  eden space 373760K, 100% used [0x00000000e0000000,0x00000000f6d00000,0x00000000f6d00000)
  from space 64512K, 99% used [0x00000000fc100000,0x00000000ffffebe0,0x0000000100000000)
  to   space 75264K, 0% used [0x00000000f6d00000,0x00000000f6d00000,0x00000000fb680000)
 ParOldGen       total 303104K, used 141672K [0x00000000a0000000, 0x00000000b2800000, 0x00000000e0000000)
  object space 303104K, 46% used [0x00000000a0000000,0x00000000a8a5a040,0x00000000b2800000)
 Metaspace       used 96224K, capacity 99544K, committed 100992K, reserved 1136640K
  class space    used 12146K, capacity 12848K, committed 13184K, reserved 1048576K
Event: 3783.858 GC heap after
Heap after GC invocations=26 (full 5):
 PSYoungGen      total 449024K, used 75234K [0x00000000e0000000, 0x0000000100000000, 0x0000000100000000)
  eden space 373760K, 0% used [0x00000000e0000000,0x00000000e0000000,0x00000000f6d00000)
  from space 75264K, 99% used [0x00000000f6d00000,0x00000000fb678ba0,0x00000000fb680000)
  to   space 75264K, 0% used [0x00000000fb680000,0x00000000fb680000,0x0000000100000000)
 ParOldGen       total 303104K, used 200681K [0x00000000a0000000, 0x00000000b2800000, 0x00000000e0000000)
  object space 303104K, 66% used [0x00000000a0000000,0x00000000ac3fa568,0x00000000b2800000)
 Metaspace       used 96224K, capacity 99544K, committed 100992K, reserved 1136640K
  class space    used 12146K, capacity 12848K, committed 13184K, reserved 1048576K
}
Event: 3791.030 GC heap before
{Heap before GC invocations=27 (full 5):
 PSYoungGen      total 449024K, used 448994K [0x00000000e0000000, 0x0000000100000000, 0x0000000100000000)
  eden space 373760K, 100% used [0x00000000e0000000,0x00000000f6d00000,0x00000000f6d00000)
  from space 75264K, 99% used [0x00000000f6d00000,0x00000000fb678ba0,0x00000000fb680000)
  to   space 75264K, 0% used [0x00000000fb680000,0x00000000fb680000,0x0000000100000000)
 ParOldGen       total 303104K, used 200681K [0x00000000a0000000, 0x00000000b2800000, 0x00000000e0000000)
  object space 303104K, 66% used [0x00000000a0000000,0x00000000ac3fa568,0x00000000b2800000)
 Metaspace       used 96356K, capacity 99720K, committed 100992K, reserved 1136640K
  class space    used 12163K, capacity 12868K, committed 13184K, reserved 1048576K
Event: 3791.323 GC heap after
Heap after GC invocations=27 (full 5):
 PSYoungGen      total 289280K, used 75247K [0x00000000e0000000, 0x0000000100000000, 0x0000000100000000)
  eden space 214016K, 0% used [0x00000000e0000000,0x00000000e0000000,0x00000000ed100000)
  from space 75264K, 99% used [0x00000000fb680000,0x00000000ffffbd28,0x0000000100000000)
  to   space 155136K, 0% used [0x00000000ed100000,0x00000000ed100000,0x00000000f6880000)
 ParOldGen       total 309760K, used 309728K [0x00000000a0000000, 0x00000000b2e80000, 0x00000000e0000000)
  object space 309760K, 99% used [0x00000000a0000000,0x00000000b2e781b8,0x00000000b2e80000)
 Metaspace       used 96356K, capacity 99720K, committed 100992K, reserved 1136640K
  class space    used 12163K, capacity 12868K, committed 13184K, reserved 1048576K
}
Event: 3791.323 GC heap before
{Heap before GC invocations=28 (full 6):
 PSYoungGen      total 289280K, used 75247K [0x00000000e0000000, 0x0000000100000000, 0x0000000100000000)
  eden space 214016K, 0% used [0x00000000e0000000,0x00000000e0000000,0x00000000ed100000)
  from space 75264K, 99% used [0x00000000fb680000,0x00000000ffffbd28,0x0000000100000000)
  to   space 155136K, 0% used [0x00000000ed100000,0x00000000ed100000,0x00000000f6880000)
 ParOldGen       total 309760K, used 309728K [0x00000000a0000000, 0x00000000b2e80000, 0x00000000e0000000)
  object space 309760K, 99% used [0x00000000a0000000,0x00000000b2e781b8,0x00000000b2e80000)
 Metaspace       used 96356K, capacity 99720K, committed 100992K, reserved 1136640K
  class space    used 12163K, capacity 12868K, committed 13184K, reserved 1048576K

