# JRE version: OpenJDK Runtime Environment (8.0_152-b01) (build 1.8.0_152-release-915-b01)
# Java VM: OpenJDK 64-Bit Server VM (25.152-b01 mixed mode windows-amd64 compressed oops)
Heap:
 PSYoungGen      total 355840K, used 64K [0x00000000e0000000, 0x00000000ff680000, 0x0000000100000000)
  eden space 202240K, 0% used [0x00000000e0000000,0x00000000e0000000,0x00000000ec580000)
  from space 153600K, 0% used [0x00000000f6080000,0x00000000f6090000,0x00000000ff680000)
  to   space 156160K, 0% used [0x00000000ec580000,0x00000000ec580000,0x00000000f5e00000)
 ParOldGen       total 434176K, used 232392K [0x00000000a0000000, 0x00000000ba800000, 0x00000000e0000000)
  object space 434176K, 53% used [0x00000000a0000000,0x00000000ae2f2368,0x00000000ba800000)
 Metaspace       used 80096K, capacity 81830K, committed 88064K, reserved 1128448K
  class space    used 8520K, capacity 8900K, committed 9728K, reserved 1048576K
GC Heap History (10 events):
Event: 12773.789 GC heap after
Heap after GC invocations=104 (full 14):
 PSYoungGen      total 340480K, used 0K [0x00000000e0000000, 0x00000000ff700000, 0x0000000100000000)
  eden space 175104K, 0% used [0x00000000e0000000,0x00000000e0000000,0x00000000eab00000)
  from space 165376K, 0% used [0x00000000f5580000,0x00000000f5580000,0x00000000ff700000)
  to   space 169984K, 0% used [0x00000000eab00000,0x00000000eab00000,0x00000000f5100000)
 ParOldGen       total 434176K, used 187727K [0x00000000a0000000, 0x00000000ba800000, 0x00000000e0000000)
  object space 434176K, 43% used [0x00000000a0000000,0x00000000ab753e80,0x00000000ba800000)
 Metaspace       used 79275K, capacity 80874K, committed 88064K, reserved 1128448K
  class space    used 8432K, capacity 8790K, committed 9728K, reserved 1048576K
}
Event: 12774.026 GC heap before
{Heap before GC invocations=105 (full 14):
 PSYoungGen      total 340480K, used 175104K [0x00000000e0000000, 0x00000000ff700000, 0x0000000100000000)
  eden space 175104K, 100% used [0x00000000e0000000,0x00000000eab00000,0x00000000eab00000)
  from space 165376K, 0% used [0x00000000f5580000,0x00000000f5580000,0x00000000ff700000)
  to   space 169984K, 0% used [0x00000000eab00000,0x00000000eab00000,0x00000000f5100000)
 ParOldGen       total 434176K, used 187727K [0x00000000a0000000, 0x00000000ba800000, 0x00000000e0000000)
  object space 434176K, 43% used [0x00000000a0000000,0x00000000ab753e80,0x00000000ba800000)
 Metaspace       used 79276K, capacity 80874K, committed 88064K, reserved 1128448K
  class space    used 8432K, capacity 8790K, committed 9728K, reserved 1048576K
Event: 12774.055 GC heap after
Heap after GC invocations=105 (full 14):
 PSYoungGen      total 345088K, used 42022K [0x00000000e0000000, 0x00000000ff680000, 0x0000000100000000)
  eden space 175104K, 0% used [0x00000000e0000000,0x00000000e0000000,0x00000000eab00000)
  from space 169984K, 24% used [0x00000000eab00000,0x00000000ed4098e8,0x00000000f5100000)
  to   space 162816K, 0% used [0x00000000f5780000,0x00000000f5780000,0x00000000ff680000)
 ParOldGen       total 434176K, used 187727K [0x00000000a0000000, 0x00000000ba800000, 0x00000000e0000000)
  object space 434176K, 43% used [0x00000000a0000000,0x00000000ab753e80,0x00000000ba800000)
 Metaspace       used 79276K, capacity 80874K, committed 88064K, reserved 1128448K
  class space    used 8432K, capacity 8790K, committed 9728K, reserved 1048576K
}
Event: 12776.479 GC heap before
{Heap before GC invocations=106 (full 14):
 PSYoungGen      total 345088K, used 217126K [0x00000000e0000000, 0x00000000ff680000, 0x0000000100000000)
  eden space 175104K, 100% used [0x00000000e0000000,0x00000000eab00000,0x00000000eab00000)
  from space 169984K, 24% used [0x00000000eab00000,0x00000000ed4098e8,0x00000000f5100000)
  to   space 162816K, 0% used [0x00000000f5780000,0x00000000f5780000,0x00000000ff680000)
 ParOldGen       total 434176K, used 187727K [0x00000000a0000000, 0x00000000ba800000, 0x00000000e0000000)
  object space 434176K, 43% used [0x00000000a0000000,0x00000000ab753e80,0x00000000ba800000)
 Metaspace       used 79735K, capacity 81518K, committed 88064K, reserved 1128448K
  class space    used 8478K, capacity 8864K, committed 9728K, reserved 1048576K
Event: 12776.566 GC heap after
Heap after GC invocations=106 (full 14):
 PSYoungGen      total 352256K, used 10788K [0x00000000e0000000, 0x00000000ff500000, 0x0000000100000000)
  eden space 190976K, 0% used [0x00000000e0000000,0x00000000e0000000,0x00000000eba80000)
  from space 161280K, 6% used [0x00000000f5780000,0x00000000f6209218,0x00000000ff500000)
  to   space 160768K, 0% used [0x00000000eba80000,0x00000000eba80000,0x00000000f5780000)
 ParOldGen       total 434176K, used 228688K [0x00000000a0000000, 0x00000000ba800000, 0x00000000e0000000)
  object space 434176K, 52% used [0x00000000a0000000,0x00000000adf54038,0x00000000ba800000)
 Metaspace       used 79735K, capacity 81518K, committed 88064K, reserved 1128448K
  class space    used 8478K, capacity 8864K, committed 9728K, reserved 1048576K
}
Event: 12783.701 GC heap before
{Heap before GC invocations=107 (full 14):
 PSYoungGen      total 352256K, used 201764K [0x00000000e0000000, 0x00000000ff500000, 0x0000000100000000)
  eden space 190976K, 100% used [0x00000000e0000000,0x00000000eba80000,0x00000000eba80000)
  from space 161280K, 6% used [0x00000000f5780000,0x00000000f6209218,0x00000000ff500000)
  to   space 160768K, 0% used [0x00000000eba80000,0x00000000eba80000,0x00000000f5780000)
 ParOldGen       total 434176K, used 228688K [0x00000000a0000000, 0x00000000ba800000, 0x00000000e0000000)
  object space 434176K, 52% used [0x00000000a0000000,0x00000000adf54038,0x00000000ba800000)
 Metaspace       used 80070K, capacity 81824K, committed 88064K, reserved 1128448K
  class space    used 8519K, capacity 8899K, committed 9728K, reserved 1048576K
Event: 12783.712 GC heap after
Heap after GC invocations=107 (full 14):
 PSYoungGen      total 351744K, used 4431K [0x00000000e0000000, 0x00000000ffb80000, 0x0000000100000000)
  eden space 190976K, 0% used [0x00000000e0000000,0x00000000e0000000,0x00000000eba80000)
  from space 160768K, 2% used [0x00000000eba80000,0x00000000ebed3d80,0x00000000f5780000)
  to   space 158720K, 0% used [0x00000000f6080000,0x00000000f6080000,0x00000000ffb80000)
 ParOldGen       total 434176K, used 231280K [0x00000000a0000000, 0x00000000ba800000, 0x00000000e0000000)
  object space 434176K, 53% used [0x00000000a0000000,0x00000000ae1dc0b8,0x00000000ba800000)
 Metaspace       used 80070K, capacity 81824K, committed 88064K, reserved 1128448K
  class space    used 8519K, capacity 8899K, committed 9728K, reserved 1048576K
}
Event: 16373.819 GC heap before
{Heap before GC invocations=108 (full 14):
 PSYoungGen      total 351744K, used 14034K [0x00000000e0000000, 0x00000000ffb80000, 0x0000000100000000)
  eden space 190976K, 5% used [0x00000000e0000000,0x00000000e0960d00,0x00000000eba80000)
  from space 160768K, 2% used [0x00000000eba80000,0x00000000ebed3d80,0x00000000f5780000)
  to   space 158720K, 0% used [0x00000000f6080000,0x00000000f6080000,0x00000000ffb80000)
 ParOldGen       total 434176K, used 231280K [0x00000000a0000000, 0x00000000ba800000, 0x00000000e0000000)
  object space 434176K, 53% used [0x00000000a0000000,0x00000000ae1dc0b8,0x00000000ba800000)
 Metaspace       used 80096K, capacity 81830K, committed 88064K, reserved 1128448K
  class space    used 8520K, capacity 8900K, committed 9728K, reserved 1048576K
Event: 16373.950 GC heap after
Heap after GC invocations=108 (full 14):
 PSYoungGen      total 355840K, used 64K [0x00000000e0000000, 0x00000000ff680000, 0x0000000100000000)
  eden space 202240K, 0% used [0x00000000e0000000,0x00000000e0000000,0x00000000ec580000)
  from space 153600K, 0% used [0x00000000f6080000,0x00000000f6090000,0x00000000ff680000)
  to   space 156160K, 0% used [0x00000000ec580000,0x00000000ec580000,0x00000000f5e00000)
 ParOldGen       total 434176K, used 232392K [0x00000000a0000000, 0x00000000ba800000, 0x00000000e0000000)
  object space 434176K, 53% used [0x00000000a0000000,0x00000000ae2f2368,0x00000000ba800000)
 Metaspace       used 80096K, capacity 81830K, committed 88064K, reserved 1128448K
  class space    used 8520K, capacity 8900K, committed 9728K, reserved 1048576K
}
Event: 16373.950 GC heap before
{Heap before GC invocations=109 (full 15):
 PSYoungGen      total 355840K, used 64K [0x00000000e0000000, 0x00000000ff680000, 0x0000000100000000)
  eden space 202240K, 0% used [0x00000000e0000000,0x00000000e0000000,0x00000000ec580000)
  from space 153600K, 0% used [0x00000000f6080000,0x00000000f6090000,0x00000000ff680000)
  to   space 156160K, 0% used [0x00000000ec580000,0x00000000ec580000,0x00000000f5e00000)
 ParOldGen       total 434176K, used 232392K [0x00000000a0000000, 0x00000000ba800000, 0x00000000e0000000)
  object space 434176K, 53% used [0x00000000a0000000,0x00000000ae2f2368,0x00000000ba800000)
 Metaspace       used 80096K, capacity 81830K, committed 88064K, reserved 1128448K
  class space    used 8520K, capacity 8900K, committed 9728K, reserved 1048576K

