# JRE version: OpenJDK Runtime Environment (8.0_152-b01) (build 1.8.0_152-release-915-b01)
# Java VM: OpenJDK 64-Bit Server VM (25.152-b01 mixed mode windows-amd64 compressed oops)
Heap:
 PSYoungGen      total 482304K, used 3625K [0x00000000e0000000, 0x00000000ffe00000, 0x0000000100000000)
  eden space 442368K, 0% used [0x00000000e0000000,0x00000000e0000000,0x00000000fb000000)
  from space 39936K, 9% used [0x00000000fd700000,0x00000000fda8a578,0x00000000ffe00000)
  to   space 39936K, 0% used [0x00000000fb000000,0x00000000fb000000,0x00000000fd700000)
 ParOldGen       total 253952K, used 101849K [0x00000000a0000000, 0x00000000af800000, 0x00000000e0000000)
  object space 253952K, 40% used [0x00000000a0000000,0x00000000a63765c8,0x00000000af800000)
 Metaspace       used 92391K, capacity 99272K, committed 99672K, reserved 1136640K
  class space    used 11651K, capacity 13321K, committed 13440K, reserved 1048576K
GC Heap History (10 events):
Event: 12837.040 GC heap after
Heap after GC invocations=92 (full 8):
 PSYoungGen      total 477184K, used 0K [0x00000000e0000000, 0x00000000ff380000, 0x0000000100000000)
  eden space 446976K, 0% used [0x00000000e0000000,0x00000000e0000000,0x00000000fb480000)
  from space 30208K, 0% used [0x00000000fd600000,0x00000000fd600000,0x00000000ff380000)
  to   space 32256K, 0% used [0x00000000fb480000,0x00000000fb480000,0x00000000fd400000)
 ParOldGen       total 253952K, used 63307K [0x00000000a0000000, 0x00000000af800000, 0x00000000e0000000)
  object space 253952K, 24% used [0x00000000a0000000,0x00000000a3dd2d08,0x00000000af800000)
 Metaspace       used 88083K, capacity 92110K, committed 97368K, reserved 1134592K
  class space    used 10811K, capacity 11838K, committed 12928K, reserved 1048576K
}
Event: 16025.296 GC heap before
{Heap before GC invocations=93 (full 8):
 PSYoungGen      total 477184K, used 446976K [0x00000000e0000000, 0x00000000ff380000, 0x0000000100000000)
  eden space 446976K, 100% used [0x00000000e0000000,0x00000000fb480000,0x00000000fb480000)
  from space 30208K, 0% used [0x00000000fd600000,0x00000000fd600000,0x00000000ff380000)
  to   space 32256K, 0% used [0x00000000fb480000,0x00000000fb480000,0x00000000fd400000)
 ParOldGen       total 253952K, used 63307K [0x00000000a0000000, 0x00000000af800000, 0x00000000e0000000)
  object space 253952K, 24% used [0x00000000a0000000,0x00000000a3dd2d08,0x00000000af800000)
 Metaspace       used 90005K, capacity 95056K, committed 98264K, reserved 1134592K
  class space    used 11178K, capacity 12453K, committed 13056K, reserved 1048576K
Event: 16028.182 GC heap after
Heap after GC invocations=93 (full 8):
 PSYoungGen      total 479232K, used 25912K [0x00000000e0000000, 0x0000000100000000, 0x0000000100000000)
  eden space 446976K, 0% used [0x00000000e0000000,0x00000000e0000000,0x00000000fb480000)
  from space 32256K, 80% used [0x00000000fb480000,0x00000000fcdce2e0,0x00000000fd400000)
  to   space 37376K, 0% used [0x00000000fdb80000,0x00000000fdb80000,0x0000000100000000)
 ParOldGen       total 253952K, used 63315K [0x00000000a0000000, 0x00000000af800000, 0x00000000e0000000)
  object space 253952K, 24% used [0x00000000a0000000,0x00000000a3dd4d08,0x00000000af800000)
 Metaspace       used 90005K, capacity 95056K, committed 98264K, reserved 1134592K
  class space    used 11178K, capacity 12453K, committed 13056K, reserved 1048576K
}
Event: 16048.957 GC heap before
{Heap before GC invocations=94 (full 8):
 PSYoungGen      total 479232K, used 472888K [0x00000000e0000000, 0x0000000100000000, 0x0000000100000000)
  eden space 446976K, 100% used [0x00000000e0000000,0x00000000fb480000,0x00000000fb480000)
  from space 32256K, 80% used [0x00000000fb480000,0x00000000fcdce2e0,0x00000000fd400000)
  to   space 37376K, 0% used [0x00000000fdb80000,0x00000000fdb80000,0x0000000100000000)
 ParOldGen       total 253952K, used 63315K [0x00000000a0000000, 0x00000000af800000, 0x00000000e0000000)
  object space 253952K, 24% used [0x00000000a0000000,0x00000000a3dd4d08,0x00000000af800000)
 Metaspace       used 92019K, capacity 98644K, committed 99288K, reserved 1134592K
  class space    used 11590K, capacity 13187K, committed 13312K, reserved 1048576K
Event: 16050.457 GC heap after
Heap after GC invocations=94 (full 8):
 PSYoungGen      total 472576K, used 34688K [0x00000000e0000000, 0x0000000100000000, 0x0000000100000000)
  eden space 435200K, 0% used [0x00000000e0000000,0x00000000e0000000,0x00000000fa900000)
  from space 37376K, 92% used [0x00000000fdb80000,0x00000000ffd60080,0x0000000100000000)
  to   space 44544K, 0% used [0x00000000fa900000,0x00000000fa900000,0x00000000fd480000)
 ParOldGen       total 253952K, used 79583K [0x00000000a0000000, 0x00000000af800000, 0x00000000e0000000)
  object space 253952K, 31% used [0x00000000a0000000,0x00000000a4db7cf0,0x00000000af800000)
 Metaspace       used 92019K, capacity 98644K, committed 99288K, reserved 1134592K
  class space    used 11590K, capacity 13187K, committed 13312K, reserved 1048576K
}
Event: 16500.414 GC heap before
{Heap before GC invocations=95 (full 8):
 PSYoungGen      total 472576K, used 469888K [0x00000000e0000000, 0x0000000100000000, 0x0000000100000000)
  eden space 435200K, 100% used [0x00000000e0000000,0x00000000fa900000,0x00000000fa900000)
  from space 37376K, 92% used [0x00000000fdb80000,0x00000000ffd60080,0x0000000100000000)
  to   space 44544K, 0% used [0x00000000fa900000,0x00000000fa900000,0x00000000fd480000)
 ParOldGen       total 253952K, used 79583K [0x00000000a0000000, 0x00000000af800000, 0x00000000e0000000)
  object space 253952K, 31% used [0x00000000a0000000,0x00000000a4db7cf0,0x00000000af800000)
 Metaspace       used 92332K, capacity 99140K, committed 99416K, reserved 1134592K
  class space    used 11639K, capacity 13299K, committed 13440K, reserved 1048576K
Event: 16500.976 GC heap after
Heap after GC invocations=95 (full 8):
 PSYoungGen      total 479744K, used 12400K [0x00000000e0000000, 0x0000000100000000, 0x0000000100000000)
  eden space 435200K, 0% used [0x00000000e0000000,0x00000000e0000000,0x00000000fa900000)
  from space 44544K, 27% used [0x00000000fa900000,0x00000000fb51c030,0x00000000fd480000)
  to   space 41984K, 0% used [0x00000000fd700000,0x00000000fd700000,0x0000000100000000)
 ParOldGen       total 253952K, used 94513K [0x00000000a0000000, 0x00000000af800000, 0x00000000e0000000)
  object space 253952K, 37% used [0x00000000a0000000,0x00000000a5c4c508,0x00000000af800000)
 Metaspace       used 92332K, capacity 99140K, committed 99416K, reserved 1134592K
  class space    used 11639K, capacity 13299K, committed 13440K, reserved 1048576K
}
Event: 16504.390 GC heap before
{Heap before GC invocations=96 (full 8):
 PSYoungGen      total 479744K, used 274031K [0x00000000e0000000, 0x0000000100000000, 0x0000000100000000)
  eden space 435200K, 60% used [0x00000000e0000000,0x00000000eff7fd68,0x00000000fa900000)
  from space 44544K, 27% used [0x00000000fa900000,0x00000000fb51c030,0x00000000fd480000)
  to   space 41984K, 0% used [0x00000000fd700000,0x00000000fd700000,0x0000000100000000)
 ParOldGen       total 253952K, used 94513K [0x00000000a0000000, 0x00000000af800000, 0x00000000e0000000)
  object space 253952K, 37% used [0x00000000a0000000,0x00000000a5c4c508,0x00000000af800000)
 Metaspace       used 92391K, capacity 99272K, committed 99672K, reserved 1136640K
  class space    used 11651K, capacity 13321K, committed 13440K, reserved 1048576K
Event: 16504.730 GC heap after
Heap after GC invocations=96 (full 8):
 PSYoungGen      total 482304K, used 3625K [0x00000000e0000000, 0x00000000ffe00000, 0x0000000100000000)
  eden space 442368K, 0% used [0x00000000e0000000,0x00000000e0000000,0x00000000fb000000)
  from space 39936K, 9% used [0x00000000fd700000,0x00000000fda8a578,0x00000000ffe00000)
  to   space 39936K, 0% used [0x00000000fb000000,0x00000000fb000000,0x00000000fd700000)
 ParOldGen       total 253952K, used 101849K [0x00000000a0000000, 0x00000000af800000, 0x00000000e0000000)
  object space 253952K, 40% used [0x00000000a0000000,0x00000000a63765c8,0x00000000af800000)
 Metaspace       used 92391K, capacity 99272K, committed 99672K, reserved 1136640K
  class space    used 11651K, capacity 13321K, committed 13440K, reserved 1048576K
}
Event: 16504.730 GC heap before
{Heap before GC invocations=97 (full 9):
 PSYoungGen      total 482304K, used 3625K [0x00000000e0000000, 0x00000000ffe00000, 0x0000000100000000)
  eden space 442368K, 0% used [0x00000000e0000000,0x00000000e0000000,0x00000000fb000000)
  from space 39936K, 9% used [0x00000000fd700000,0x00000000fda8a578,0x00000000ffe00000)
  to   space 39936K, 0% used [0x00000000fb000000,0x00000000fb000000,0x00000000fd700000)
 ParOldGen       total 253952K, used 101849K [0x00000000a0000000, 0x00000000af800000, 0x00000000e0000000)
  object space 253952K, 40% used [0x00000000a0000000,0x00000000a63765c8,0x00000000af800000)
 Metaspace       used 92391K, capacity 99272K, committed 99672K, reserved 1136640K
  class space    used 11651K, capacity 13321K, committed 13440K, reserved 1048576K

